mode: set
github.com/romanSPB15/tui-compose/v4/container.go:15.2,18.1 3 0
github.com/romanSPB15/tui-compose/v4/container.go:22.2,23.1 1 0
github.com/romanSPB15/tui-compose/v4/container.go:28.2,30.1 2 0
github.com/romanSPB15/tui-compose/v4/container.go:34.2,35.1 1 0
github.com/romanSPB15/tui-compose/v4/container.go:38.2,40.28 3 0
github.com/romanSPB15/tui-compose/v4/container.go:41.3,42.27 2 0
github.com/romanSPB15/tui-compose/v4/container.go:43.4,44.1 1 0
github.com/romanSPB15/tui-compose/v4/container.go:48.39,48.39 0 0
github.com/romanSPB15/tui-compose/v4/container.go:52.2,53.35 2 0
github.com/romanSPB15/tui-compose/v4/container.go:54.3,54.19 1 0
github.com/romanSPB15/tui-compose/v4/container.go:55.4,55.27 1 0
github.com/romanSPB15/tui-compose/v4/container.go:56.5,57.1 1 0
github.com/romanSPB15/tui-compose/v4/container.go:60.2,60.12 1 0
github.com/romanSPB15/tui-compose/v4/container.go:64.2,65.35 2 0
github.com/romanSPB15/tui-compose/v4/container.go:66.3,66.19 1 0
github.com/romanSPB15/tui-compose/v4/container.go:67.4,68.1 1 0
github.com/romanSPB15/tui-compose/v4/container.go:70.2,70.28 1 0
github.com/romanSPB15/tui-compose/v4/container.go:74.2,76.1 2 0
github.com/romanSPB15/tui-compose/v4/container.go:79.2,79.63 1 0
github.com/romanSPB15/tui-compose/v4/container.go:80.3,81.1 1 0
github.com/romanSPB15/tui-compose/v4/container.go:82.2,82.36 1 0
github.com/romanSPB15/tui-compose/v4/container.go:83.3,84.1 1 0
github.com/romanSPB15/tui-compose/v4/container.go:86.2,86.23 1 0
github.com/romanSPB15/tui-compose/v4/container.go:99.2,102.1 3 0
github.com/romanSPB15/tui-compose/v4/container.go:106.2,107.1 1 0
github.com/romanSPB15/tui-compose/v4/container.go:110.2,112.35 3 0
github.com/romanSPB15/tui-compose/v4/container.go:113.3,114.27 2 0
github.com/romanSPB15/tui-compose/v4/container.go:115.4,116.1 1 0
github.com/romanSPB15/tui-compose/v4/container.go:123.2,124.1 1 0
github.com/romanSPB15/tui-compose/v4/container.go:129.2,131.1 2 0
github.com/romanSPB15/tui-compose/v4/container.go:133.39,133.39 0 0
github.com/romanSPB15/tui-compose/v4/container.go:137.2,137.26 1 0
github.com/romanSPB15/tui-compose/v4/container.go:138.3,139.1 1 0
github.com/romanSPB15/tui-compose/v4/container.go:140.2,141.35 2 0
github.com/romanSPB15/tui-compose/v4/container.go:142.3,142.19 1 0
github.com/romanSPB15/tui-compose/v4/container.go:143.4,144.29 2 0
github.com/romanSPB15/tui-compose/v4/container.go:145.5,146.1 1 0
github.com/romanSPB15/tui-compose/v4/container.go:149.2,149.14 1 0
github.com/romanSPB15/tui-compose/v4/container.go:153.2,154.35 2 0
github.com/romanSPB15/tui-compose/v4/container.go:155.3,155.19 1 0
github.com/romanSPB15/tui-compose/v4/container.go:156.4,156.36 1 0
github.com/romanSPB15/tui-compose/v4/container.go:157.5,158.1 1 0
github.com/romanSPB15/tui-compose/v4/container.go:161.2,161.12 1 0
github.com/romanSPB15/tui-compose/v4/container.go:165.2,167.1 2 0
github.com/romanSPB15/tui-compose/v4/container.go:170.2,170.63 1 0
github.com/romanSPB15/tui-compose/v4/container.go:171.3,172.1 1 0
github.com/romanSPB15/tui-compose/v4/container.go:173.2,173.36 1 0
github.com/romanSPB15/tui-compose/v4/container.go:174.3,175.1 1 0
github.com/romanSPB15/tui-compose/v4/container.go:177.2,177.23 1 0
github.com/romanSPB15/tui-compose/v4/container.go:181.2,185.1 4 1
github.com/romanSPB15/tui-compose/v4/core.go:114.2,114.30 1 0
github.com/romanSPB15/tui-compose/v4/core.go:115.3,116.1 1 0
github.com/romanSPB15/tui-compose/v4/core.go:117.2,117.19 1 0
github.com/romanSPB15/tui-compose/v4/core.go:121.2,121.34 1 0
github.com/romanSPB15/tui-compose/v4/core.go:122.3,122.35 1 0
github.com/romanSPB15/tui-compose/v4/core.go:123.4,126.1 2 0
github.com/romanSPB15/tui-compose/v4/core.go:127.4,128.1 2 0
github.com/romanSPB15/tui-compose/v4/core.go:131.2,131.39 1 0
github.com/romanSPB15/tui-compose/v4/core.go:132.3,137.23 3 0
github.com/romanSPB15/tui-compose/v4/core.go:138.4,142.1 1 0
github.com/romanSPB15/tui-compose/v4/core.go:147.2,147.26 1 0
github.com/romanSPB15/tui-compose/v4/core.go:148.3,149.1 1 0
github.com/romanSPB15/tui-compose/v4/core.go:150.2,151.34 2 0
github.com/romanSPB15/tui-compose/v4/core.go:152.3,152.35 1 0
github.com/romanSPB15/tui-compose/v4/core.go:153.4,154.1 1 0
github.com/romanSPB15/tui-compose/v4/core.go:159.2,159.24 1 0
github.com/romanSPB15/tui-compose/v4/core.go:160.3,161.1 1 0
github.com/romanSPB15/tui-compose/v4/core.go:162.2,164.1 5 0
github.com/romanSPB15/tui-compose/v4/core.go:165.2,166.1 5 0
github.com/romanSPB15/tui-compose/v4/core.go:167.2,168.1 5 0
github.com/romanSPB15/tui-compose/v4/core.go:169.2,169.30 5 0
github.com/romanSPB15/tui-compose/v4/core.go:173.2,173.16 1 0
github.com/romanSPB15/tui-compose/v4/core.go:174.3,175.1 1 0
github.com/romanSPB15/tui-compose/v4/core.go:176.2,176.34 1 0
github.com/romanSPB15/tui-compose/v4/core.go:177.3,179.32 3 0
github.com/romanSPB15/tui-compose/v4/core.go:180.4,181.1 1 0
github.com/romanSPB15/tui-compose/v4/core.go:182.3,182.30 1 0
github.com/romanSPB15/tui-compose/v4/core.go:183.4,184.1 1 0
github.com/romanSPB15/tui-compose/v4/core.go:186.3,186.32 1 0
github.com/romanSPB15/tui-compose/v4/core.go:187.4,192.1 4 0
github.com/romanSPB15/tui-compose/v4/core.go:193.4,194.1 4 0
github.com/romanSPB15/tui-compose/v4/core.go:195.3,195.9 1 0
github.com/romanSPB15/tui-compose/v4/core.go:198.2,199.22 2 0
github.com/romanSPB15/tui-compose/v4/core.go:200.3,201.1 1 0
github.com/romanSPB15/tui-compose/v4/core.go:203.2,205.18 3 0
github.com/romanSPB15/tui-compose/v4/core.go:206.3,207.1 1 0
github.com/romanSPB15/tui-compose/v4/core.go:209.2,209.34 1 0
github.com/romanSPB15/tui-compose/v4/core.go:210.3,213.25 4 0
github.com/romanSPB15/tui-compose/v4/core.go:214.4,215.1 1 0
github.com/romanSPB15/tui-compose/v4/core.go:216.3,216.22 1 0
github.com/romanSPB15/tui-compose/v4/core.go:217.9,217.45 1 0
github.com/romanSPB15/tui-compose/v4/core.go:218.3,219.25 2 0
github.com/romanSPB15/tui-compose/v4/core.go:220.4,221.1 1 0
github.com/romanSPB15/tui-compose/v4/core.go:222.3,222.22 1 0
github.com/romanSPB15/tui-compose/v4/core.go:225.2,226.24 2 0
github.com/romanSPB15/tui-compose/v4/core.go:227.3,227.25 1 0
github.com/romanSPB15/tui-compose/v4/core.go:228.4,229.1 1 0
github.com/romanSPB15/tui-compose/v4/core.go:230.3,230.20 1 0
github.com/romanSPB15/tui-compose/v4/core.go:231.4,232.1 1 0
github.com/romanSPB15/tui-compose/v4/core.go:235.2,236.1 2 0
github.com/romanSPB15/tui-compose/v4/core.go:237.2,237.25 2 0
github.com/romanSPB15/tui-compose/v4/core.go:238.3,239.37 2 0
github.com/romanSPB15/tui-compose/v4/core.go:240.4,240.12 1 0
github.com/romanSPB15/tui-compose/v4/core.go:242.3,242.28 1 0
github.com/romanSPB15/tui-compose/v4/core.go:243.4,243.9 1 0
github.com/romanSPB15/tui-compose/v4/core.go:245.3,247.1 3 0
github.com/romanSPB15/tui-compose/v4/core.go:248.3,248.22 3 0
github.com/romanSPB15/tui-compose/v4/core.go:249.4,249.12 1 0
github.com/romanSPB15/tui-compose/v4/core.go:252.3,253.40 2 0
github.com/romanSPB15/tui-compose/v4/core.go:254.4,255.1 1 0
github.com/romanSPB15/tui-compose/v4/core.go:256.3,256.40 1 0
github.com/romanSPB15/tui-compose/v4/core.go:257.4,258.1 1 0
github.com/romanSPB15/tui-compose/v4/core.go:259.3,259.18 1 0
github.com/romanSPB15/tui-compose/v4/core.go:260.4,261.1 1 0
github.com/romanSPB15/tui-compose/v4/core.go:266.2,266.16 1 0
github.com/romanSPB15/tui-compose/v4/core.go:267.3,268.1 1 0
github.com/romanSPB15/tui-compose/v4/core.go:269.2,269.34 1 0
github.com/romanSPB15/tui-compose/v4/core.go:270.3,270.31 1 0
github.com/romanSPB15/tui-compose/v4/core.go:271.4,274.1 3 0
github.com/romanSPB15/tui-compose/v4/core.go:275.3,275.14 1 0
github.com/romanSPB15/tui-compose/v4/core.go:278.2,278.50 1 0
github.com/romanSPB15/tui-compose/v4/core.go:282.2,284.1 4 0
github.com/romanSPB15/tui-compose/v4/core.go:285.2,286.1 4 0
github.com/romanSPB15/tui-compose/v4/core.go:287.2,287.24 4 0
github.com/romanSPB15/tui-compose/v4/core.go:288.3,289.1 1 0
github.com/romanSPB15/tui-compose/v4/core.go:291.2,292.24 2 0
github.com/romanSPB15/tui-compose/v4/core.go:293.3,295.1 2 0
github.com/romanSPB15/tui-compose/v4/core.go:297.2,298.1 2 0
github.com/romanSPB15/tui-compose/v4/core.go:299.2,299.12 2 0
github.com/romanSPB15/tui-compose/v4/core.go:303.2,303.22 1 0
github.com/romanSPB15/tui-compose/v4/core.go:304.3,305.1 1 0
github.com/romanSPB15/tui-compose/v4/core.go:307.2,308.1 2 0
github.com/romanSPB15/tui-compose/v4/core.go:309.2,309.55 2 0
github.com/romanSPB15/tui-compose/v4/core.go:310.3,310.26 1 0
github.com/romanSPB15/tui-compose/v4/core.go:311.4,312.27 2 0
github.com/romanSPB15/tui-compose/v4/core.go:313.5,314.1 1 0
github.com/romanSPB15/tui-compose/v4/core.go:316.3,316.13 1 0
github.com/romanSPB15/tui-compose/v4/core.go:319.2,319.16 1 0
github.com/romanSPB15/tui-compose/v4/core.go:320.3,321.1 1 0
github.com/romanSPB15/tui-compose/v4/core.go:323.2,324.21 2 0
github.com/romanSPB15/tui-compose/v4/core.go:325.3,326.26 2 0
github.com/romanSPB15/tui-compose/v4/core.go:327.4,328.1 1 0
github.com/romanSPB15/tui-compose/v4/core.go:330.2,330.12 1 0
github.com/romanSPB15/tui-compose/v4/core.go:334.2,335.21 2 0
github.com/romanSPB15/tui-compose/v4/core.go:336.3,337.26 2 0
github.com/romanSPB15/tui-compose/v4/core.go:338.4,339.1 1 0
github.com/romanSPB15/tui-compose/v4/core.go:341.2,341.12 1 0
github.com/romanSPB15/tui-compose/v4/core.go:345.2,345.41 1 0
github.com/romanSPB15/tui-compose/v4/core.go:346.3,347.1 1 0
github.com/romanSPB15/tui-compose/v4/core.go:353.2,353.19 1 0
github.com/romanSPB15/tui-compose/v4/core.go:354.3,355.1 1 0
github.com/romanSPB15/tui-compose/v4/core.go:357.2,358.15 2 0
github.com/romanSPB15/tui-compose/v4/core.go:359.3,360.1 1 0
github.com/romanSPB15/tui-compose/v4/core.go:362.2,363.18 2 0
github.com/romanSPB15/tui-compose/v4/core.go:364.3,365.1 1 0
github.com/romanSPB15/tui-compose/v4/core.go:366.3,368.22 3 0
github.com/romanSPB15/tui-compose/v4/core.go:369.4,370.1 1 0
github.com/romanSPB15/tui-compose/v4/core.go:372.3,374.31 3 0
github.com/romanSPB15/tui-compose/v4/core.go:375.4,376.24 2 0
github.com/romanSPB15/tui-compose/v4/core.go:377.5,378.26 2 0
github.com/romanSPB15/tui-compose/v4/core.go:379.6,380.1 1 0
github.com/romanSPB15/tui-compose/v4/core.go:381.6,382.1 1 0
github.com/romanSPB15/tui-compose/v4/core.go:387.2,388.24 2 0
github.com/romanSPB15/tui-compose/v4/core.go:389.3,390.23 2 0
github.com/romanSPB15/tui-compose/v4/core.go:391.4,392.1 1 0
github.com/romanSPB15/tui-compose/v4/core.go:394.3,395.1 2 0
github.com/romanSPB15/tui-compose/v4/core.go:396.3,396.38 2 0
github.com/romanSPB15/tui-compose/v4/core.go:397.4,398.1 1 0
github.com/romanSPB15/tui-compose/v4/core.go:401.2,401.15 1 0
github.com/romanSPB15/tui-compose/v4/core.go:405.2,406.21 2 0
github.com/romanSPB15/tui-compose/v4/core.go:407.3,408.1 1 0
github.com/romanSPB15/tui-compose/v4/core.go:409.2,409.12 1 0
github.com/romanSPB15/tui-compose/v4/core.go:413.2,414.21 2 0
github.com/romanSPB15/tui-compose/v4/core.go:415.3,416.1 1 0
github.com/romanSPB15/tui-compose/v4/core.go:417.2,417.12 1 0
github.com/romanSPB15/tui-compose/v4/core.go:421.2,421.28 1 0
github.com/romanSPB15/tui-compose/v4/core.go:422.3,423.1 1 0
github.com/romanSPB15/tui-compose/v4/core.go:424.2,424.39 1 0
github.com/romanSPB15/tui-compose/v4/core.go:425.3,426.1 1 0
github.com/romanSPB15/tui-compose/v4/core.go:428.2,430.1 4 0
github.com/romanSPB15/tui-compose/v4/core.go:431.2,432.21 4 0
github.com/romanSPB15/tui-compose/v4/core.go:433.3,434.1 1 0
github.com/romanSPB15/tui-compose/v4/core.go:436.2,437.18 2 0
github.com/romanSPB15/tui-compose/v4/core.go:438.3,439.1 1 0
github.com/romanSPB15/tui-compose/v4/core.go:441.2,442.15 2 0
github.com/romanSPB15/tui-compose/v4/core.go:443.3,444.18 2 0
github.com/romanSPB15/tui-compose/v4/core.go:445.4,446.1 1 0
github.com/romanSPB15/tui-compose/v4/core.go:447.4,448.1 1 0
github.com/romanSPB15/tui-compose/v4/core.go:450.3,450.19 1 0
github.com/romanSPB15/tui-compose/v4/core.go:451.4,453.1 2 0
github.com/romanSPB15/tui-compose/v4/core.go:454.4,456.1 2 0
github.com/romanSPB15/tui-compose/v4/core.go:459.2,459.29 1 0
github.com/romanSPB15/tui-compose/v4/core.go:460.3,461.1 1 0
github.com/romanSPB15/tui-compose/v4/core.go:463.2,463.12 1 0
github.com/romanSPB15/tui-compose/v4/core.go:467.2,468.1 2 0
github.com/romanSPB15/tui-compose/v4/core.go:469.2,469.11 2 0
github.com/romanSPB15/tui-compose/v4/core.go:470.3,471.62 2 0
github.com/romanSPB15/tui-compose/v4/core.go:472.4,473.1 1 0
github.com/romanSPB15/tui-compose/v4/core.go:476.2,476.17 1 0
github.com/romanSPB15/tui-compose/v4/core.go:477.3,478.1 1 0
github.com/romanSPB15/tui-compose/v4/core.go:480.2,482.1 3 0
github.com/romanSPB15/tui-compose/v4/core.go:483.2,483.22 3 0
github.com/romanSPB15/tui-compose/v4/core.go:484.3,485.1 1 0
github.com/romanSPB15/tui-compose/v4/core.go:487.2,488.19 2 0
github.com/romanSPB15/tui-compose/v4/core.go:489.3,490.1 1 0
github.com/romanSPB15/tui-compose/v4/core.go:492.2,492.87 1 0
github.com/romanSPB15/tui-compose/v4/core.go:493.3,493.21 1 0
github.com/romanSPB15/tui-compose/v4/core.go:494.4,496.1 2 0
github.com/romanSPB15/tui-compose/v4/core.go:497.4,498.1 1 0
github.com/romanSPB15/tui-compose/v4/core.go:501.2,502.1 4 0
github.com/romanSPB15/tui-compose/v4/core.go:503.2,505.1 4 0
github.com/romanSPB15/tui-compose/v4/core.go:506.2,506.14 4 0
github.com/romanSPB15/tui-compose/v4/core.go:507.3,508.1 1 0
github.com/romanSPB15/tui-compose/v4/core.go:510.2,510.15 1 0
github.com/romanSPB15/tui-compose/v4/core.go:511.3,513.1 2 0
github.com/romanSPB15/tui-compose/v4/core.go:515.2,515.13 1 0
github.com/romanSPB15/tui-compose/v4/core.go:516.3,519.1 3 0
github.com/romanSPB15/tui-compose/v4/core.go:521.2,523.1 3 0
github.com/romanSPB15/tui-compose/v4/core.go:524.2,524.19 3 0
github.com/romanSPB15/tui-compose/v4/core.go:525.3,525.25 1 0
github.com/romanSPB15/tui-compose/v4/core.go:526.4,526.12 1 0
github.com/romanSPB15/tui-compose/v4/core.go:528.3,528.20 1 0
github.com/romanSPB15/tui-compose/v4/core.go:529.4,529.36 1 0
github.com/romanSPB15/tui-compose/v4/core.go:530.5,530.58 1 0
github.com/romanSPB15/tui-compose/v4/core.go:531.6,536.1 5 0
github.com/romanSPB15/tui-compose/v4/core.go:538.5,540.1 3 0
github.com/romanSPB15/tui-compose/v4/core.go:541.5,541.31 3 0
github.com/romanSPB15/tui-compose/v4/core.go:542.6,544.1 2 0
github.com/romanSPB15/tui-compose/v4/core.go:545.6,546.1 1 0
github.com/romanSPB15/tui-compose/v4/core.go:548.5,549.1 3 0
github.com/romanSPB15/tui-compose/v4/core.go:550.5,551.1 3 0
github.com/romanSPB15/tui-compose/v4/core.go:552.5,552.16 3 0
github.com/romanSPB15/tui-compose/v4/core.go:553.6,555.1 2 0
github.com/romanSPB15/tui-compose/v4/core.go:557.5,560.1 1 0
github.com/romanSPB15/tui-compose/v4/core.go:565.2,566.1 10 0
github.com/romanSPB15/tui-compose/v4/core.go:567.2,568.1 10 0
github.com/romanSPB15/tui-compose/v4/core.go:569.2,570.1 10 0
github.com/romanSPB15/tui-compose/v4/core.go:571.2,572.1 10 0
github.com/romanSPB15/tui-compose/v4/core.go:573.2,574.1 10 0
github.com/romanSPB15/tui-compose/v4/core.go:575.2,579.1 10 0
github.com/romanSPB15/tui-compose/v4/core.go:580.2,580.19 10 0
github.com/romanSPB15/tui-compose/v4/core.go:584.2,584.12 1 0
github.com/romanSPB15/tui-compose/v4/core.go:585.3,586.1 1 0
github.com/romanSPB15/tui-compose/v4/core.go:588.2,590.27 3 0
github.com/romanSPB15/tui-compose/v4/core.go:591.3,592.1 1 0
github.com/romanSPB15/tui-compose/v4/core.go:593.2,594.1 3 0
github.com/romanSPB15/tui-compose/v4/core.go:595.2,596.17 3 0
github.com/romanSPB15/tui-compose/v4/core.go:597.3,598.1 1 0
github.com/romanSPB15/tui-compose/v4/core.go:599.2,603.1 11 0
github.com/romanSPB15/tui-compose/v4/core.go:604.2,607.1 11 0
github.com/romanSPB15/tui-compose/v4/core.go:608.2,609.1 11 0
github.com/romanSPB15/tui-compose/v4/core.go:610.2,612.20 11 0
github.com/romanSPB15/tui-compose/v4/core.go:613.3,614.1 1 0
github.com/romanSPB15/tui-compose/v4/core.go:616.2,619.3 1 0
github.com/romanSPB15/tui-compose/v4/core.go:623.2,623.15 1 0
github.com/romanSPB15/tui-compose/v4/core.go:624.3,624.35 1 0
github.com/romanSPB15/tui-compose/v4/core.go:625.4,626.1 1 0
github.com/romanSPB15/tui-compose/v4/core.go:627.3,627.30 1 0
github.com/romanSPB15/tui-compose/v4/core.go:628.4,629.1 1 0
github.com/romanSPB15/tui-compose/v4/core.go:632.2,632.30 1 0
github.com/romanSPB15/tui-compose/v4/core.go:633.3,633.63 1 0
github.com/romanSPB15/tui-compose/v4/core.go:634.4,634.55 1 0
github.com/romanSPB15/tui-compose/v4/core.go:635.5,636.1 1 0
github.com/romanSPB15/tui-compose/v4/core.go:640.2,640.14 1 0
github.com/romanSPB15/tui-compose/v4/core.go:641.3,643.1 6 0
github.com/romanSPB15/tui-compose/v4/core.go:644.3,647.20 6 0
github.com/romanSPB15/tui-compose/v4/core.go:648.4,649.1 1 0
github.com/romanSPB15/tui-compose/v4/core.go:650.3,652.25 3 0
github.com/romanSPB15/tui-compose/v4/core.go:655.2,658.1 9 0
github.com/romanSPB15/tui-compose/v4/core.go:659.2,660.1 9 0
github.com/romanSPB15/tui-compose/v4/core.go:661.2,662.1 9 0
github.com/romanSPB15/tui-compose/v4/core.go:663.2,664.1 9 0
github.com/romanSPB15/tui-compose/v4/core.go:665.2,666.1 9 0
github.com/romanSPB15/tui-compose/v4/core.go:667.2,668.1 9 0
github.com/romanSPB15/tui-compose/v4/core.go:669.2,669.14 9 0
github.com/romanSPB15/tui-compose/v4/core.go:670.3,670.48 1 0
github.com/romanSPB15/tui-compose/v4/core.go:671.4,672.1 1 0
github.com/romanSPB15/tui-compose/v4/core.go:674.3,674.33 1 0
github.com/romanSPB15/tui-compose/v4/core.go:675.4,676.1 1 0
github.com/romanSPB15/tui-compose/v4/core.go:678.3,681.20 4 0
github.com/romanSPB15/tui-compose/v4/core.go:682.4,683.1 1 0
github.com/romanSPB15/tui-compose/v4/core.go:684.3,685.25 2 0
github.com/romanSPB15/tui-compose/v4/core.go:690.2,690.23 1 0
github.com/romanSPB15/tui-compose/v4/core.go:691.3,692.1 1 0
github.com/romanSPB15/tui-compose/v4/core.go:693.2,694.24 2 0
github.com/romanSPB15/tui-compose/v4/core.go:698.2,698.25 1 0
github.com/romanSPB15/tui-compose/v4/core.go:698.27,698.46 1 0
github.com/romanSPB15/tui-compose/v4/core.go:702.2,703.1 1 0
github.com/romanSPB15/tui-compose/v4/core.go:706.2,706.30 1 0
github.com/romanSPB15/tui-compose/v4/core.go:707.3,708.1 1 0
github.com/romanSPB15/tui-compose/v4/core.go:709.2,709.19 1 0
github.com/romanSPB15/tui-compose/v4/core.go:726.2,726.26 1 0
github.com/romanSPB15/tui-compose/v4/core.go:726.28,726.63 1 0
github.com/romanSPB15/tui-compose/v4/core.go:730.2,730.26 1 0
github.com/romanSPB15/tui-compose/v4/core.go:730.28,730.54 1 0
github.com/romanSPB15/tui-compose/v4/core.go:734.2,734.26 1 0
github.com/romanSPB15/tui-compose/v4/core.go:734.28,734.47 1 0
github.com/romanSPB15/tui-compose/v4/core.go:738.2,738.26 1 0
github.com/romanSPB15/tui-compose/v4/core.go:738.28,738.45 1 0
github.com/romanSPB15/tui-compose/v4/core.go:744.2,749.1 2 0
github.com/romanSPB15/tui-compose/v4/core.go:750.2,750.27 2 0
github.com/romanSPB15/tui-compose/v4/core.go:751.3,752.1 1 0
github.com/romanSPB15/tui-compose/v4/core.go:754.2,769.20 1 0
github.com/romanSPB15/tui-compose/v4/core.go:769.22,769.49 1 0
github.com/romanSPB15/tui-compose/v4/core.go:774.22,774.49 1 0
github.com/romanSPB15/tui-compose/v4/core.go:779.2,779.34 1 0
github.com/romanSPB15/tui-compose/v4/core.go:780.3,781.1 1 0
github.com/romanSPB15/tui-compose/v4/core.go:782.2,782.35 1 0
github.com/romanSPB15/tui-compose/v4/core.go:783.3,784.36 2 0
github.com/romanSPB15/tui-compose/v4/core.go:785.4,786.1 1 0
github.com/romanSPB15/tui-compose/v4/core.go:787.4,788.1 1 0
github.com/romanSPB15/tui-compose/v4/core.go:791.2,791.11 1 0
github.com/romanSPB15/tui-compose/v4/core.go:792.3,793.17 2 0
github.com/romanSPB15/tui-compose/v4/core.go:794.4,795.1 1 0
github.com/romanSPB15/tui-compose/v4/core.go:796.3,796.14 1 0
github.com/romanSPB15/tui-compose/v4/core.go:798.2,799.11 2 0
github.com/romanSPB15/tui-compose/v4/core.go:800.3,801.1 1 0
github.com/romanSPB15/tui-compose/v4/core.go:802.2,802.12 1 0
github.com/romanSPB15/tui-compose/v4/core.go:806.2,807.1 1 0
github.com/romanSPB15/tui-compose/v4/core.go:810.2,810.30 1 0
github.com/romanSPB15/tui-compose/v4/core.go:811.3,812.1 1 0
github.com/romanSPB15/tui-compose/v4/core.go:813.2,813.48 1 0
github.com/romanSPB15/tui-compose/v4/core.go:817.2,818.1 2 0
github.com/romanSPB15/tui-compose/v4/core.go:819.2,819.9 2 0
github.com/romanSPB15/tui-compose/v4/core.go:821.3,821.9 1 0
github.com/romanSPB15/tui-compose/v4/core.go:822.31,822.31 0 0
github.com/romanSPB15/tui-compose/v4/core.go:827.2,828.1 3 0
github.com/romanSPB15/tui-compose/v4/core.go:829.2,832.1 3 0
github.com/romanSPB15/tui-compose/v4/core.go:833.2,833.9 3 0
github.com/romanSPB15/tui-compose/v4/core.go:835.3,835.9 1 0
github.com/romanSPB15/tui-compose/v4/core.go:837.3,837.13 1 0
github.com/romanSPB15/tui-compose/v4/core.go:842.2,843.1 2 0
github.com/romanSPB15/tui-compose/v4/core.go:844.2,844.9 2 0
github.com/romanSPB15/tui-compose/v4/core.go:846.3,846.9 1 0
github.com/romanSPB15/tui-compose/v4/core.go:850.4,850.4 0 0
github.com/romanSPB15/tui-compose/v4/core.go:855.2,856.1 3 0
github.com/romanSPB15/tui-compose/v4/core.go:857.2,861.1 3 0
github.com/romanSPB15/tui-compose/v4/core.go:862.2,862.9 3 0
github.com/romanSPB15/tui-compose/v4/core.go:864.3,864.9 1 0
github.com/romanSPB15/tui-compose/v4/core.go:866.3,866.13 1 0
github.com/romanSPB15/tui-compose/v4/core.go:871.2,874.1 5 0
github.com/romanSPB15/tui-compose/v4/core.go:875.2,876.20 5 0
github.com/romanSPB15/tui-compose/v4/core.go:877.3,878.1 1 0
github.com/romanSPB15/tui-compose/v4/core.go:879.2,880.16 2 0
github.com/romanSPB15/tui-compose/v4/core.go:881.3,882.1 1 0
github.com/romanSPB15/tui-compose/v4/core.go:883.2,883.18 1 0
github.com/romanSPB15/tui-compose/v4/core.go:887.2,889.6 3 0
github.com/romanSPB15/tui-compose/v4/core.go:890.3,890.10 1 0
github.com/romanSPB15/tui-compose/v4/core.go:892.4,893.10 2 0
github.com/romanSPB15/tui-compose/v4/core.go:895.4,895.21 1 0
github.com/romanSPB15/tui-compose/v4/core.go:896.5,897.1 1 0
github.com/romanSPB15/tui-compose/v4/core.go:898.4,898.11 1 0
github.com/romanSPB15/tui-compose/v4/core.go:899.5,899.18 1 0
github.com/romanSPB15/tui-compose/v4/core.go:900.6,900.34 1 0
github.com/romanSPB15/tui-compose/v4/core.go:901.7,901.24 1 0
github.com/romanSPB15/tui-compose/v4/core.go:902.8,903.1 1 0
github.com/romanSPB15/tui-compose/v4/core.go:904.8,905.1 1 0
github.com/romanSPB15/tui-compose/v4/core.go:908.5,908.12 1 0
github.com/romanSPB15/tui-compose/v4/core.go:910.4,911.23 2 0
github.com/romanSPB15/tui-compose/v4/core.go:912.5,913.1 1 0
github.com/romanSPB15/tui-compose/v4/core.go:914.4,914.21 1 0
github.com/romanSPB15/tui-compose/v4/core.go:915.5,916.1 1 0
github.com/romanSPB15/tui-compose/v4/core.go:922.2,922.19 1 0
github.com/romanSPB15/tui-compose/v4/core.go:923.3,924.1 1 0
github.com/romanSPB15/tui-compose/v4/core.go:925.2,925.13 1 0
github.com/romanSPB15/tui-compose/v4/core.go:926.3,926.43 1 0
github.com/romanSPB15/tui-compose/v4/core.go:927.4,927.58 1 0
github.com/romanSPB15/tui-compose/v4/core.go:928.5,929.1 1 0
github.com/romanSPB15/tui-compose/v4/core.go:931.3,931.12 1 0
github.com/romanSPB15/tui-compose/v4/core.go:933.2,933.23 1 0
github.com/romanSPB15/tui-compose/v4/core.go:934.3,936.1 2 0
github.com/romanSPB15/tui-compose/v4/core.go:937.2,937.11 1 0
github.com/romanSPB15/tui-compose/v4/core.go:941.2,941.20 1 0
github.com/romanSPB15/tui-compose/v4/core.go:942.3,943.1 1 0
github.com/romanSPB15/tui-compose/v4/core.go:944.2,944.13 1 0
github.com/romanSPB15/tui-compose/v4/core.go:945.3,945.44 1 0
github.com/romanSPB15/tui-compose/v4/core.go:946.4,946.58 1 0
github.com/romanSPB15/tui-compose/v4/core.go:947.5,948.1 1 0
github.com/romanSPB15/tui-compose/v4/core.go:950.3,950.12 1 0
github.com/romanSPB15/tui-compose/v4/core.go:952.2,952.23 1 0
github.com/romanSPB15/tui-compose/v4/core.go:953.3,955.1 2 0
github.com/romanSPB15/tui-compose/v4/core.go:956.2,956.11 1 0
github.com/romanSPB15/tui-compose/v4/core.go:960.2,960.16 1 0
github.com/romanSPB15/tui-compose/v4/core.go:961.3,963.1 2 0
github.com/romanSPB15/tui-compose/v4/core.go:967.2,970.9 4 0
github.com/romanSPB15/tui-compose/v4/core.go:972.3,972.9 1 0
github.com/romanSPB15/tui-compose/v4/core.go:974.3,974.13 1 0
github.com/romanSPB15/tui-compose/v4/core.go:979.2,979.20 1 0
github.com/romanSPB15/tui-compose/v4/core.go:980.3,981.1 1 0
github.com/romanSPB15/tui-compose/v4/core.go:983.2,984.29 2 0
github.com/romanSPB15/tui-compose/v4/core.go:985.3,986.59 1 0
github.com/romanSPB15/tui-compose/v4/core.go:987.4,988.1 1 0
github.com/romanSPB15/tui-compose/v4/core.go:991.2,991.34 1 0
github.com/romanSPB15/tui-compose/v4/core.go:992.3,993.1 1 0
github.com/romanSPB15/tui-compose/v4/core.go:995.2,995.27 1 0
github.com/romanSPB15/tui-compose/v4/core.go:996.3,997.28 2 0
github.com/romanSPB15/tui-compose/v4/core.go:998.4,1009.1 1 0
github.com/romanSPB15/tui-compose/v4/core.go:1012.2,1012.38 1 0
github.com/romanSPB15/tui-compose/v4/core.go:1013.3,1014.28 2 0
github.com/romanSPB15/tui-compose/v4/core.go:1014.30,1014.37 1 0
github.com/romanSPB15/tui-compose/v4/core.go:1019.2,1020.27 2 0
github.com/romanSPB15/tui-compose/v4/core.go:1021.3,1022.1 1 0
github.com/romanSPB15/tui-compose/v4/core.go:1024.2,1024.29 1 0
github.com/romanSPB15/tui-compose/v4/core.go:1025.3,1025.32 1 0
github.com/romanSPB15/tui-compose/v4/core.go:1026.4,1026.12 1 0
github.com/romanSPB15/tui-compose/v4/core.go:1029.3,1033.1 4 0
github.com/romanSPB15/tui-compose/v4/core.go:1034.3,1035.28 4 0
github.com/romanSPB15/tui-compose/v4/core.go:1035.30,1035.42 1 0
github.com/romanSPB15/tui-compose/v4/core.go:1038.2,1038.27 1 0
github.com/romanSPB15/tui-compose/v4/core.go:1039.3,1040.36 2 0
github.com/romanSPB15/tui-compose/v4/core.go:1041.4,1041.12 1 0
github.com/romanSPB15/tui-compose/v4/core.go:1043.3,1049.1 2 0
github.com/romanSPB15/tui-compose/v4/core.go:1050.3,1050.28 2 0
github.com/romanSPB15/tui-compose/v4/core.go:1050.30,1050.42 1 0
github.com/romanSPB15/tui-compose/v4/core.go:1053.2,1053.19 1 0
github.com/romanSPB15/tui-compose/v4/core.go:1057.2,1057.29 1 0
github.com/romanSPB15/tui-compose/v4/core.go:1058.3,1058.27 1 0
github.com/romanSPB15/tui-compose/v4/core.go:1059.4,1060.1 1 0
github.com/romanSPB15/tui-compose/v4/core.go:1062.2,1062.14 1 0
github.com/romanSPB15/tui-compose/v4/core.go:1066.2,1066.30 1 0
github.com/romanSPB15/tui-compose/v4/core.go:1067.3,1068.1 1 0
github.com/romanSPB15/tui-compose/v4/core.go:1069.2,1069.50 1 0
github.com/romanSPB15/tui-compose/v4/core.go:1073.2,1073.30 1 0
github.com/romanSPB15/tui-compose/v4/core.go:1074.3,1075.1 1 0
github.com/romanSPB15/tui-compose/v4/core.go:1076.2,1076.52 1 0
github.com/romanSPB15/tui-compose/v4/core.go:1080.2,1081.1 1 0
github.com/romanSPB15/tui-compose/v4/core.go:1084.2,1084.16 1 0
github.com/romanSPB15/tui-compose/v4/core.go:1085.3,1085.56 1 0
github.com/romanSPB15/tui-compose/v4/core.go:1086.4,1086.28 1 0
github.com/romanSPB15/tui-compose/v4/core.go:1087.5,1088.1 1 0
github.com/romanSPB15/tui-compose/v4/core.go:1089.4,1089.24 1 0
github.com/romanSPB15/tui-compose/v4/core.go:1090.5,1091.1 1 0
github.com/romanSPB15/tui-compose/v4/core.go:1092.4,1092.18 1 0
github.com/romanSPB15/tui-compose/v4/core.go:1094.5,1094.20 1 0
github.com/romanSPB15/tui-compose/v4/core.go:1096.5,1096.22 1 0
github.com/romanSPB15/tui-compose/v4/core.go:1098.5,1098.15 1 0
github.com/romanSPB15/tui-compose/v4/core.go:1103.2,1104.6 2 0
github.com/romanSPB15/tui-compose/v4/core.go:1105.3,1105.10 1 0
github.com/romanSPB15/tui-compose/v4/core.go:1107.4,1108.10 2 0
github.com/romanSPB15/tui-compose/v4/core.go:1110.4,1110.29 1 0
github.com/romanSPB15/tui-compose/v4/core.go:1111.5,1111.39 1 0
github.com/romanSPB15/tui-compose/v4/core.go:1112.6,1112.31 1 0
github.com/romanSPB15/tui-compose/v4/core.go:1113.7,1114.1 1 0
github.com/romanSPB15/tui-compose/v4/core.go:1118.4,1119.29 2 0
github.com/romanSPB15/tui-compose/v4/core.go:1120.5,1121.1 1 0
github.com/romanSPB15/tui-compose/v4/core.go:1127.2,1127.30 1 0
github.com/romanSPB15/tui-compose/v4/core.go:1128.3,1129.1 1 0
github.com/romanSPB15/tui-compose/v4/core.go:1130.2,1132.18 3 0
github.com/romanSPB15/tui-compose/v4/core.go:1136.2,1136.14 1 0
github.com/romanSPB15/tui-compose/v4/core.go:1137.3,1138.17 2 0
github.com/romanSPB15/tui-compose/v4/core.go:1139.4,1140.1 1 0
github.com/romanSPB15/tui-compose/v4/core.go:1145.2,1146.1 1 0
github.com/romanSPB15/tui-compose/v4/core.go:1149.2,1149.16 1 0
github.com/romanSPB15/tui-compose/v4/core.go:1150.3,1152.1 2 0
github.com/romanSPB15/tui-compose/v4/core.go:1158.2,1158.30 1 0
github.com/romanSPB15/tui-compose/v4/core.go:1159.3,1160.1 1 0
github.com/romanSPB15/tui-compose/v4/core.go:1161.2,1162.15 2 0
github.com/romanSPB15/tui-compose/v4/core.go:1167.2,1167.30 1 0
github.com/romanSPB15/tui-compose/v4/core.go:1168.3,1169.1 1 0
github.com/romanSPB15/tui-compose/v4/core.go:1170.2,1170.69 1 0
github.com/romanSPB15/tui-compose/v4/core.go:1175.2,1175.30 1 0
github.com/romanSPB15/tui-compose/v4/core.go:1176.3,1177.1 1 0
github.com/romanSPB15/tui-compose/v4/core.go:1178.2,1178.20 1 0
github.com/romanSPB15/tui-compose/v4/focus.go:4.2,7.1 3 0
github.com/romanSPB15/tui-compose/v4/focus.go:10.2,10.71 1 0
github.com/romanSPB15/tui-compose/v4/focus.go:11.3,12.1 1 0
github.com/romanSPB15/tui-compose/v4/focus.go:13.2,13.12 1 0
github.com/romanSPB15/tui-compose/v4/focus.go:17.2,17.56 1 0
github.com/romanSPB15/tui-compose/v4/focus.go:18.3,19.1 1 0
github.com/romanSPB15/tui-compose/v4/focus.go:20.2,21.40 2 0
github.com/romanSPB15/tui-compose/v4/focus.go:22.3,23.1 1 0
github.com/romanSPB15/tui-compose/v4/focus.go:24.2,24.49 1 0
github.com/romanSPB15/tui-compose/v4/focus.go:25.3,26.1 3 0
github.com/romanSPB15/tui-compose/v4/focus.go:27.3,29.1 3 0
github.com/romanSPB15/tui-compose/v4/focus.go:33.2,33.56 1 0
github.com/romanSPB15/tui-compose/v4/focus.go:34.3,35.1 1 0
github.com/romanSPB15/tui-compose/v4/focus.go:36.2,37.15 2 0
github.com/romanSPB15/tui-compose/v4/focus.go:38.3,39.1 1 0
github.com/romanSPB15/tui-compose/v4/focus.go:40.2,40.49 1 0
github.com/romanSPB15/tui-compose/v4/focus.go:41.3,44.1 3 0
github.com/romanSPB15/tui-compose/v4/focus.go:48.2,48.26 1 0
github.com/romanSPB15/tui-compose/v4/focus.go:49.3,50.1 1 0
github.com/romanSPB15/tui-compose/v4/focus.go:51.2,52.1 3 0
github.com/romanSPB15/tui-compose/v4/focus.go:53.2,54.14 3 0
github.com/romanSPB15/tui-compose/v4/focus.go:58.2,58.41 1 0
github.com/romanSPB15/tui-compose/v4/focus.go:59.3,60.1 1 0
github.com/romanSPB15/tui-compose/v4/focus.go:61.2,61.41 1 0
github.com/romanSPB15/tui-compose/v4/focus.go:62.3,62.26 1 0
github.com/romanSPB15/tui-compose/v4/focus.go:63.4,65.1 2 0
github.com/romanSPB15/tui-compose/v4/focus.go:67.2,67.14 1 0
github.com/romanSPB15/tui-compose/v4/focus.go:71.2,71.26 1 0
github.com/romanSPB15/tui-compose/v4/focus.go:72.3,74.1 2 0
github.com/romanSPB15/tui-compose/v4/focus.go:78.2,80.1 2 0
github.com/romanSPB15/tui-compose/v4/focus.go:83.2,84.1 1 0
github.com/romanSPB15/tui-compose/v4/focus.go:87.2,88.1 1 0
github.com/romanSPB15/tui-compose/v4/focus.go:91.2,91.50 1 0
github.com/romanSPB15/tui-compose/v4/focus.go:92.3,93.1 1 0
github.com/romanSPB15/tui-compose/v4/focus.go:95.2,95.27 1 0
github.com/romanSPB15/tui-compose/v4/focus.go:96.3,97.1 1 0
github.com/romanSPB15/tui-compose/v4/focus.go:99.2,99.72 1 0
github.com/romanSPB15/tui-compose/v4/focus.go:100.3,101.1 1 0
github.com/romanSPB15/tui-compose/v4/focus.go:103.2,103.15 1 0
github.com/romanSPB15/tui-compose/v4/focus.go:104.3,107.1 3 0
github.com/romanSPB15/tui-compose/v4/focus.go:109.2,111.14 3 0
github.com/romanSPB15/tui-compose/v4/frame.go:44.2,53.1 1 0
github.com/romanSPB15/tui-compose/v4/frame.go:58.2,61.1 3 0
github.com/romanSPB15/tui-compose/v4/frame.go:65.2,66.1 1 0
github.com/romanSPB15/tui-compose/v4/frame.go:70.2,71.1 1 0
github.com/romanSPB15/tui-compose/v4/frame.go:75.2,76.1 1 0
github.com/romanSPB15/tui-compose/v4/frame.go:80.2,81.1 1 0
github.com/romanSPB15/tui-compose/v4/frame.go:85.2,86.1 1 0
github.com/romanSPB15/tui-compose/v4/frame.go:90.2,91.1 1 0
github.com/romanSPB15/tui-compose/v4/frame.go:95.2,96.1 1 0
github.com/romanSPB15/tui-compose/v4/frame.go:100.2,101.1 1 0
github.com/romanSPB15/tui-compose/v4/frame.go:105.2,106.1 1 0
github.com/romanSPB15/tui-compose/v4/frame.go:110.2,112.1 2 0
github.com/romanSPB15/tui-compose/v4/frame.go:116.2,118.1 2 0
github.com/romanSPB15/tui-compose/v4/frame.go:121.2,121.22 1 0
github.com/romanSPB15/tui-compose/v4/frame.go:122.3,123.1 1 0
github.com/romanSPB15/tui-compose/v4/frame.go:124.2,124.39 1 0
github.com/romanSPB15/tui-compose/v4/frame.go:128.2,128.22 1 0
github.com/romanSPB15/tui-compose/v4/frame.go:129.3,130.1 1 0
github.com/romanSPB15/tui-compose/v4/frame.go:131.2,131.40 1 0
github.com/romanSPB15/tui-compose/v4/frame.go:135.2,136.1 1 0
github.com/romanSPB15/tui-compose/v4/frame.go:139.2,140.1 1 0
github.com/romanSPB15/tui-compose/v4/frame.go:143.2,145.1 8 0
github.com/romanSPB15/tui-compose/v4/frame.go:146.2,147.1 8 0
github.com/romanSPB15/tui-compose/v4/frame.go:149.2,153.1 8 0
github.com/romanSPB15/tui-compose/v4/frame.go:155.2,155.27 8 0
github.com/romanSPB15/tui-compose/v4/frame.go:156.3,158.1 2 0
github.com/romanSPB15/tui-compose/v4/frame.go:160.2,160.27 1 0
github.com/romanSPB15/tui-compose/v4/frame.go:161.3,163.1 2 0
github.com/romanSPB15/tui-compose/v4/frame.go:165.2,165.29 1 0
github.com/romanSPB15/tui-compose/v4/frame.go:166.3,167.1 4 0
github.com/romanSPB15/tui-compose/v4/frame.go:169.3,170.1 4 0
github.com/romanSPB15/tui-compose/v4/frame.go:171.3,172.20 4 0
github.com/romanSPB15/tui-compose/v4/frame.go:173.4,174.1 1 0
github.com/romanSPB15/tui-compose/v4/frame.go:175.3,175.34 1 0
github.com/romanSPB15/tui-compose/v4/frame.go:176.4,177.1 1 0
github.com/romanSPB15/tui-compose/v4/frame.go:179.3,179.31 1 0
github.com/romanSPB15/tui-compose/v4/frame.go:180.4,180.33 1 0
github.com/romanSPB15/tui-compose/v4/frame.go:181.5,182.1 1 0
github.com/romanSPB15/tui-compose/v4/frame.go:185.3,185.16 1 0
github.com/romanSPB15/tui-compose/v4/frame.go:187.4,187.19 1 0
github.com/romanSPB15/tui-compose/v4/frame.go:189.4,189.37 1 0
github.com/romanSPB15/tui-compose/v4/frame.go:191.4,191.39 1 0
github.com/romanSPB15/tui-compose/v4/frame.go:193.4,193.21 1 0
github.com/romanSPB15/tui-compose/v4/frame.go:195.4,195.39 1 0
github.com/romanSPB15/tui-compose/v4/frame.go:197.4,197.41 1 0
github.com/romanSPB15/tui-compose/v4/frame.go:205.2,207.1 2 0
github.com/romanSPB15/tui-compose/v4/frame.go:209.40,209.40 0 0
github.com/romanSPB15/tui-compose/v4/frame.go:212.2,213.1 1 0
github.com/romanSPB15/tui-compose/v4/frame.go:216.2,216.12 1 0
github.com/romanSPB15/tui-compose/v4/frame.go:217.3,218.1 1 0
github.com/romanSPB15/tui-compose/v4/frame.go:219.2,219.46 1 0
github.com/romanSPB15/tui-compose/v4/frame.go:224.2,226.1 2 0
github.com/romanSPB15/tui-compose/v4/frame.go:230.2,232.1 2 0
github.com/romanSPB15/tui-compose/v4/image.go:20.2,21.1 1 0
github.com/romanSPB15/tui-compose/v4/image.go:24.2,25.1 1 0
github.com/romanSPB15/tui-compose/v4/image.go:28.2,28.18 1 0
github.com/romanSPB15/tui-compose/v4/image.go:29.3,30.1 1 0
github.com/romanSPB15/tui-compose/v4/image.go:31.2,31.19 1 0
github.com/romanSPB15/tui-compose/v4/image.go:35.2,36.1 1 0
github.com/romanSPB15/tui-compose/v4/image.go:54.2,62.1 8 0
github.com/romanSPB15/tui-compose/v4/image.go:66.2,74.1 8 0
github.com/romanSPB15/tui-compose/v4/image.go:79.2,96.1 4 0
github.com/romanSPB15/tui-compose/v4/image.go:98.2,100.28 4 0
github.com/romanSPB15/tui-compose/v4/image.go:101.3,105.22 5 0
github.com/romanSPB15/tui-compose/v4/image.go:106.4,108.1 2 0
github.com/romanSPB15/tui-compose/v4/image.go:112.2,112.17 1 0
github.com/romanSPB15/tui-compose/v4/image.go:113.3,114.1 1 0
github.com/romanSPB15/tui-compose/v4/image.go:115.2,115.41 1 0
github.com/romanSPB15/tui-compose/v4/image.go:121.2,138.1 4 0
github.com/romanSPB15/tui-compose/v4/image.go:140.2,142.28 4 0
github.com/romanSPB15/tui-compose/v4/image.go:143.3,147.22 5 0
github.com/romanSPB15/tui-compose/v4/image.go:148.4,150.1 2 0
github.com/romanSPB15/tui-compose/v4/image.go:154.2,154.17 1 0
github.com/romanSPB15/tui-compose/v4/image.go:155.3,156.1 1 0
github.com/romanSPB15/tui-compose/v4/image.go:157.2,157.42 1 0
github.com/romanSPB15/tui-compose/v4/image.go:166.2,167.13 2 0
github.com/romanSPB15/tui-compose/v4/image.go:172.3,173.21 2 0
github.com/romanSPB15/tui-compose/v4/image.go:174.4,175.1 1 0
github.com/romanSPB15/tui-compose/v4/image.go:176.3,176.40 1 0
github.com/romanSPB15/tui-compose/v4/image.go:177.4,177.37 1 0
github.com/romanSPB15/tui-compose/v4/image.go:178.5,182.17 5 0
github.com/romanSPB15/tui-compose/v4/image.go:183.6,184.1 1 0
github.com/romanSPB15/tui-compose/v4/image.go:185.5,185.17 1 0
github.com/romanSPB15/tui-compose/v4/image.go:186.6,187.1 1 0
github.com/romanSPB15/tui-compose/v4/image.go:188.5,188.17 1 0
github.com/romanSPB15/tui-compose/v4/image.go:189.6,190.1 1 0
github.com/romanSPB15/tui-compose/v4/image.go:192.5,196.17 5 0
github.com/romanSPB15/tui-compose/v4/image.go:197.6,198.1 1 0
github.com/romanSPB15/tui-compose/v4/image.go:199.5,199.17 1 0
github.com/romanSPB15/tui-compose/v4/image.go:200.6,201.1 1 0
github.com/romanSPB15/tui-compose/v4/image.go:202.5,202.17 1 0
github.com/romanSPB15/tui-compose/v4/image.go:203.6,204.1 1 0
github.com/romanSPB15/tui-compose/v4/image.go:206.5,210.1 2 0
github.com/romanSPB15/tui-compose/v4/image.go:214.3,215.21 2 0
github.com/romanSPB15/tui-compose/v4/image.go:216.4,217.1 1 0
github.com/romanSPB15/tui-compose/v4/image.go:218.3,218.36 1 0
github.com/romanSPB15/tui-compose/v4/image.go:219.4,219.37 1 0
github.com/romanSPB15/tui-compose/v4/image.go:220.5,224.16 5 0
github.com/romanSPB15/tui-compose/v4/image.go:225.6,226.1 1 0
github.com/romanSPB15/tui-compose/v4/image.go:227.5,227.16 1 0
github.com/romanSPB15/tui-compose/v4/image.go:228.6,229.1 1 0
github.com/romanSPB15/tui-compose/v4/image.go:230.5,230.16 1 0
github.com/romanSPB15/tui-compose/v4/image.go:231.6,232.1 1 0
github.com/romanSPB15/tui-compose/v4/image.go:234.5,237.1 2 0
github.com/romanSPB15/tui-compose/v4/image.go:241.3,242.21 2 0
github.com/romanSPB15/tui-compose/v4/image.go:243.4,244.1 1 0
github.com/romanSPB15/tui-compose/v4/image.go:245.3,245.36 1 0
github.com/romanSPB15/tui-compose/v4/image.go:246.4,246.37 1 0
github.com/romanSPB15/tui-compose/v4/image.go:247.5,251.16 5 0
github.com/romanSPB15/tui-compose/v4/image.go:252.6,253.1 1 0
github.com/romanSPB15/tui-compose/v4/image.go:254.5,254.16 1 0
github.com/romanSPB15/tui-compose/v4/image.go:255.6,256.1 1 0
github.com/romanSPB15/tui-compose/v4/image.go:257.5,257.16 1 0
github.com/romanSPB15/tui-compose/v4/image.go:258.6,259.1 1 0
github.com/romanSPB15/tui-compose/v4/image.go:261.5,262.1 5 0
github.com/romanSPB15/tui-compose/v4/image.go:263.5,266.1 5 0
github.com/romanSPB15/tui-compose/v4/image.go:268.5,271.1 5 0
github.com/romanSPB15/tui-compose/v4/image.go:280.3,281.21 2 0
github.com/romanSPB15/tui-compose/v4/image.go:282.4,283.1 1 0
github.com/romanSPB15/tui-compose/v4/image.go:284.3,284.40 1 0
github.com/romanSPB15/tui-compose/v4/image.go:285.4,285.37 1 0
github.com/romanSPB15/tui-compose/v4/image.go:286.5,290.17 5 0
github.com/romanSPB15/tui-compose/v4/image.go:291.6,292.1 1 0
github.com/romanSPB15/tui-compose/v4/image.go:293.5,293.17 1 0
github.com/romanSPB15/tui-compose/v4/image.go:294.6,295.1 1 0
github.com/romanSPB15/tui-compose/v4/image.go:296.5,296.17 1 0
github.com/romanSPB15/tui-compose/v4/image.go:297.6,298.1 1 0
github.com/romanSPB15/tui-compose/v4/image.go:300.5,304.17 5 0
github.com/romanSPB15/tui-compose/v4/image.go:305.6,306.1 1 0
github.com/romanSPB15/tui-compose/v4/image.go:307.5,307.17 1 0
github.com/romanSPB15/tui-compose/v4/image.go:308.6,309.1 1 0
github.com/romanSPB15/tui-compose/v4/image.go:310.5,310.17 1 0
github.com/romanSPB15/tui-compose/v4/image.go:311.6,312.1 1 0
github.com/romanSPB15/tui-compose/v4/image.go:314.5,318.1 2 0
github.com/romanSPB15/tui-compose/v4/image.go:323.3,324.21 2 0
github.com/romanSPB15/tui-compose/v4/image.go:325.4,326.1 1 0
github.com/romanSPB15/tui-compose/v4/image.go:327.3,327.36 1 0
github.com/romanSPB15/tui-compose/v4/image.go:328.4,328.37 1 0
github.com/romanSPB15/tui-compose/v4/image.go:329.5,333.16 5 0
github.com/romanSPB15/tui-compose/v4/image.go:334.6,335.1 1 0
github.com/romanSPB15/tui-compose/v4/image.go:336.5,336.16 1 0
github.com/romanSPB15/tui-compose/v4/image.go:337.6,338.1 1 0
github.com/romanSPB15/tui-compose/v4/image.go:339.5,339.16 1 0
github.com/romanSPB15/tui-compose/v4/image.go:340.6,341.1 1 0
github.com/romanSPB15/tui-compose/v4/image.go:343.5,346.1 2 0
github.com/romanSPB15/tui-compose/v4/image.go:350.3,351.21 2 0
github.com/romanSPB15/tui-compose/v4/image.go:352.4,353.1 1 0
github.com/romanSPB15/tui-compose/v4/image.go:354.3,354.36 1 0
github.com/romanSPB15/tui-compose/v4/image.go:355.4,355.37 1 0
github.com/romanSPB15/tui-compose/v4/image.go:356.5,360.16 5 0
github.com/romanSPB15/tui-compose/v4/image.go:361.6,362.1 1 0
github.com/romanSPB15/tui-compose/v4/image.go:363.5,363.16 1 0
github.com/romanSPB15/tui-compose/v4/image.go:364.6,365.1 1 0
github.com/romanSPB15/tui-compose/v4/image.go:366.5,366.16 1 0
github.com/romanSPB15/tui-compose/v4/image.go:367.6,368.1 1 0
github.com/romanSPB15/tui-compose/v4/image.go:370.5,371.1 5 0
github.com/romanSPB15/tui-compose/v4/image.go:372.5,375.1 5 0
github.com/romanSPB15/tui-compose/v4/image.go:377.5,380.1 5 0
github.com/romanSPB15/tui-compose/v4/image.go:385.2,385.11 1 0
github.com/romanSPB15/tui-compose/v4/image.go:392.2,394.37 3 0
github.com/romanSPB15/tui-compose/v4/image.go:395.3,396.1 1 0
github.com/romanSPB15/tui-compose/v4/image.go:397.2,397.28 1 0
github.com/romanSPB15/tui-compose/v4/image.go:398.3,399.1 1 0
github.com/romanSPB15/tui-compose/v4/image.go:401.2,402.1 2 0
github.com/romanSPB15/tui-compose/v4/image.go:403.2,403.33 2 0
github.com/romanSPB15/tui-compose/v4/image.go:404.3,404.33 1 0
github.com/romanSPB15/tui-compose/v4/image.go:406.4,410.1 7 0
github.com/romanSPB15/tui-compose/v4/image.go:411.4,413.32 7 0
github.com/romanSPB15/tui-compose/v4/image.go:414.5,414.33 1 0
github.com/romanSPB15/tui-compose/v4/image.go:415.6,422.1 7 0
github.com/romanSPB15/tui-compose/v4/image.go:424.4,424.17 1 0
github.com/romanSPB15/tui-compose/v4/image.go:425.5,430.1 5 0
github.com/romanSPB15/tui-compose/v4/image.go:433.2,433.12 1 0
github.com/romanSPB15/tui-compose/v4/image.go:440.2,445.1 5 0
github.com/romanSPB15/tui-compose/v4/image.go:451.2,456.1 5 0
github.com/romanSPB15/tui-compose/v4/image.go:461.2,462.1 2 0
github.com/romanSPB15/tui-compose/v4/image.go:463.2,463.16 2 0
github.com/romanSPB15/tui-compose/v4/image.go:464.3,465.1 1 0
github.com/romanSPB15/tui-compose/v4/image.go:466.2,466.16 1 0
github.com/romanSPB15/tui-compose/v4/image.go:467.3,468.1 1 0
github.com/romanSPB15/tui-compose/v4/image.go:469.2,469.16 1 0
github.com/romanSPB15/tui-compose/v4/image.go:470.3,471.1 1 0
github.com/romanSPB15/tui-compose/v4/image.go:472.2,472.16 1 0
github.com/romanSPB15/tui-compose/v4/image.go:473.3,474.1 1 0
github.com/romanSPB15/tui-compose/v4/image.go:475.2,475.16 1 0
github.com/romanSPB15/tui-compose/v4/image.go:476.3,477.1 1 0
github.com/romanSPB15/tui-compose/v4/image.go:478.2,478.16 1 0
github.com/romanSPB15/tui-compose/v4/image.go:479.3,480.1 1 0
github.com/romanSPB15/tui-compose/v4/image.go:481.2,481.16 1 0
github.com/romanSPB15/tui-compose/v4/image.go:482.3,483.1 1 0
github.com/romanSPB15/tui-compose/v4/image.go:484.2,484.16 1 0
github.com/romanSPB15/tui-compose/v4/image.go:485.3,486.1 1 0
github.com/romanSPB15/tui-compose/v4/image.go:488.2,488.19 1 0
github.com/romanSPB15/tui-compose/v4/image.go:495.2,495.41 1 0
github.com/romanSPB15/tui-compose/v4/image.go:496.3,497.1 1 0
github.com/romanSPB15/tui-compose/v4/image.go:498.2,500.28 3 0
github.com/romanSPB15/tui-compose/v4/image.go:501.3,502.1 1 0
github.com/romanSPB15/tui-compose/v4/image.go:504.2,505.22 2 0
github.com/romanSPB15/tui-compose/v4/image.go:506.3,507.1 1 0
github.com/romanSPB15/tui-compose/v4/image.go:509.2,510.1 3 0
github.com/romanSPB15/tui-compose/v4/image.go:511.2,512.28 3 0
github.com/romanSPB15/tui-compose/v4/image.go:513.3,514.29 2 0
github.com/romanSPB15/tui-compose/v4/image.go:515.4,516.30 2 0
github.com/romanSPB15/tui-compose/v4/image.go:517.5,517.31 1 0
github.com/romanSPB15/tui-compose/v4/image.go:518.6,519.1 1 0
github.com/romanSPB15/tui-compose/v4/image.go:521.4,524.1 1 0
github.com/romanSPB15/tui-compose/v4/image.go:527.2,527.11 1 0
github.com/romanSPB15/tui-compose/v4/nodebug.go:13.58,13.58 0 0
github.com/romanSPB15/tui-compose/v4/nodebug.go:17.2,19.1 2 0
github.com/romanSPB15/tui-compose/v4/page.go:12.2,13.1 1 0
github.com/romanSPB15/tui-compose/v4/page.go:17.2,19.1 2 0
github.com/romanSPB15/tui-compose/v4/page.go:23.2,23.14 1 0
github.com/romanSPB15/tui-compose/v4/page.go:24.3,25.1 1 0
github.com/romanSPB15/tui-compose/v4/page.go:26.2,26.19 1 0
github.com/romanSPB15/tui-compose/v4/page.go:27.3,28.1 1 0
github.com/romanSPB15/tui-compose/v4/page.go:29.2,30.12 2 0
github.com/romanSPB15/tui-compose/v4/recovery.go:10.2,13.1 6 0
github.com/romanSPB15/tui-compose/v4/recovery.go:14.2,16.1 6 0
github.com/romanSPB15/tui-compose/v4/recovery.go:17.2,17.23 6 0
github.com/romanSPB15/tui-compose/v4/recovery.go:18.3,19.1 1 0
github.com/romanSPB15/tui-compose/v4/recovery.go:21.2,21.30 1 0
github.com/romanSPB15/tui-compose/v4/size_windows.go:11.2,14.6 4 0
github.com/romanSPB15/tui-compose/v4/size_windows.go:15.3,15.10 1 0
github.com/romanSPB15/tui-compose/v4/size_windows.go:17.4,18.38 2 0
github.com/romanSPB15/tui-compose/v4/size_windows.go:19.5,19.21 1 0
github.com/romanSPB15/tui-compose/v4/size_windows.go:20.6,21.1 1 0
github.com/romanSPB15/tui-compose/v4/size_windows.go:22.5,23.30 2 0
github.com/romanSPB15/tui-compose/v4/size_windows.go:24.6,24.43 1 0
github.com/romanSPB15/tui-compose/v4/size_windows.go:25.7,26.1 1 0
github.com/romanSPB15/tui-compose/v4/size_windows.go:28.6,28.18 1 0
github.com/romanSPB15/tui-compose/v4/size_windows.go:32.4,32.10 1 0
github.com/romanSPB15/tui-compose/v4/style.go:65.2,65.12 1 0
github.com/romanSPB15/tui-compose/v4/style.go:66.3,67.1 1 0
github.com/romanSPB15/tui-compose/v4/style.go:69.2,70.1 3 0
github.com/romanSPB15/tui-compose/v4/style.go:71.2,72.13 3 0
github.com/romanSPB15/tui-compose/v4/style.go:73.3,73.14 1 0
github.com/romanSPB15/tui-compose/v4/style.go:74.4,75.1 1 0
github.com/romanSPB15/tui-compose/v4/style.go:76.4,77.1 1 0
github.com/romanSPB15/tui-compose/v4/style.go:80.2,81.13 2 0
github.com/romanSPB15/tui-compose/v4/style.go:82.3,82.14 1 0
github.com/romanSPB15/tui-compose/v4/style.go:83.4,84.1 1 0
github.com/romanSPB15/tui-compose/v4/style.go:85.4,86.1 1 0
github.com/romanSPB15/tui-compose/v4/style.go:89.2,89.17 1 0
github.com/romanSPB15/tui-compose/v4/style.go:90.3,91.1 1 0
github.com/romanSPB15/tui-compose/v4/style.go:92.2,92.19 1 0
github.com/romanSPB15/tui-compose/v4/style.go:93.3,94.1 1 0
github.com/romanSPB15/tui-compose/v4/style.go:95.2,95.22 1 0
github.com/romanSPB15/tui-compose/v4/style.go:96.3,97.1 1 0
github.com/romanSPB15/tui-compose/v4/style.go:98.2,98.18 1 0
github.com/romanSPB15/tui-compose/v4/style.go:99.3,100.1 1 0
github.com/romanSPB15/tui-compose/v4/style.go:101.2,101.20 1 0
github.com/romanSPB15/tui-compose/v4/style.go:102.3,103.1 1 0
github.com/romanSPB15/tui-compose/v4/style.go:104.2,104.18 1 0
github.com/romanSPB15/tui-compose/v4/style.go:105.3,106.1 1 0
github.com/romanSPB15/tui-compose/v4/style.go:108.2,109.1 2 0
github.com/romanSPB15/tui-compose/v4/style.go:110.2,110.26 2 0
github.com/romanSPB15/tui-compose/v4/style.go:111.3,112.1 1 0
github.com/romanSPB15/tui-compose/v4/style.go:114.2,114.55 1 0
github.com/romanSPB15/tui-compose/v4/style.go:119.2,121.13 3 1
github.com/romanSPB15/tui-compose/v4/style.go:122.3,122.14 1 1
github.com/romanSPB15/tui-compose/v4/style.go:123.4,124.1 1 1
github.com/romanSPB15/tui-compose/v4/style.go:125.4,126.1 1 0
github.com/romanSPB15/tui-compose/v4/style.go:128.2,129.13 2 1
github.com/romanSPB15/tui-compose/v4/style.go:130.3,130.14 1 1
github.com/romanSPB15/tui-compose/v4/style.go:131.4,132.1 1 1
github.com/romanSPB15/tui-compose/v4/style.go:133.4,134.1 1 1
github.com/romanSPB15/tui-compose/v4/style.go:137.2,137.17 1 1
github.com/romanSPB15/tui-compose/v4/style.go:138.3,139.1 1 0
github.com/romanSPB15/tui-compose/v4/style.go:140.2,140.19 1 1
github.com/romanSPB15/tui-compose/v4/style.go:141.3,142.1 1 0
github.com/romanSPB15/tui-compose/v4/style.go:143.2,143.22 1 1
github.com/romanSPB15/tui-compose/v4/style.go:144.3,145.1 1 0
github.com/romanSPB15/tui-compose/v4/style.go:146.2,146.18 1 1
github.com/romanSPB15/tui-compose/v4/style.go:147.3,148.1 1 0
github.com/romanSPB15/tui-compose/v4/style.go:149.2,149.20 1 1
github.com/romanSPB15/tui-compose/v4/style.go:150.3,151.1 1 0
github.com/romanSPB15/tui-compose/v4/style.go:152.2,152.18 1 1
github.com/romanSPB15/tui-compose/v4/style.go:153.3,154.1 1 0
github.com/romanSPB15/tui-compose/v4/style.go:155.2,155.11 1 1
github.com/romanSPB15/tui-compose/v4/widgets.go:25.2,26.1 1 0
github.com/romanSPB15/tui-compose/v4/widgets.go:30.2,31.1 1 0
github.com/romanSPB15/tui-compose/v4/widgets.go:42.2,43.48 2 1
github.com/romanSPB15/tui-compose/v4/widgets.go:44.3,45.1 1 1
github.com/romanSPB15/tui-compose/v4/widgets.go:50.2,51.1 1 0
github.com/romanSPB15/tui-compose/v4/widgets.go:55.2,56.1 1 1
github.com/romanSPB15/tui-compose/v4/widgets.go:60.2,62.1 2 0
github.com/romanSPB15/tui-compose/v4/widgets.go:66.2,68.1 2 0
github.com/romanSPB15/tui-compose/v4/widgets.go:72.2,74.1 2 0
github.com/romanSPB15/tui-compose/v4/widgets.go:78.2,79.1 1 1
github.com/romanSPB15/tui-compose/v4/widgets.go:83.2,84.1 1 1
github.com/romanSPB15/tui-compose/v4/widgets.go:88.2,89.1 1 1
github.com/romanSPB15/tui-compose/v4/widgets.go:93.2,95.1 2 0
github.com/romanSPB15/tui-compose/v4/widgets.go:112.2,121.1 2 1
github.com/romanSPB15/tui-compose/v4/widgets.go:126.2,127.9 2 0
github.com/romanSPB15/tui-compose/v4/widgets.go:129.3,129.17 1 0
github.com/romanSPB15/tui-compose/v4/widgets.go:131.3,131.17 1 0
github.com/romanSPB15/tui-compose/v4/widgets.go:133.3,133.17 1 0
github.com/romanSPB15/tui-compose/v4/widgets.go:135.3,135.16 1 0
github.com/romanSPB15/tui-compose/v4/widgets.go:138.2,140.1 3 0
github.com/romanSPB15/tui-compose/v4/widgets.go:141.2,141.25 3 0
github.com/romanSPB15/tui-compose/v4/widgets.go:142.3,142.26 1 0
github.com/romanSPB15/tui-compose/v4/widgets.go:143.4,144.1 1 0
github.com/romanSPB15/tui-compose/v4/widgets.go:147.2,150.1 4 0
github.com/romanSPB15/tui-compose/v4/widgets.go:151.2,151.30 4 0
github.com/romanSPB15/tui-compose/v4/widgets.go:152.3,153.1 1 0
github.com/romanSPB15/tui-compose/v4/widgets.go:158.2,159.1 1 1
github.com/romanSPB15/tui-compose/v4/widgets.go:163.2,164.1 1 1
github.com/romanSPB15/tui-compose/v4/widgets.go:168.2,169.1 1 0
github.com/romanSPB15/tui-compose/v4/widgets.go:173.2,176.1 3 1
github.com/romanSPB15/tui-compose/v4/widgets.go:180.2,182.1 2 0
github.com/romanSPB15/tui-compose/v4/widgets.go:186.2,188.1 2 0
github.com/romanSPB15/tui-compose/v4/widgets.go:192.2,194.1 2 0
github.com/romanSPB15/tui-compose/v4/widgets.go:198.2,200.1 2 0
github.com/romanSPB15/tui-compose/v4/widgets.go:204.2,206.1 2 1
github.com/romanSPB15/tui-compose/v4/widgets.go:210.2,212.1 2 0
github.com/romanSPB15/tui-compose/v4/widgets.go:216.2,216.25 1 1
github.com/romanSPB15/tui-compose/v4/widgets.go:218.3,218.22 1 0
github.com/romanSPB15/tui-compose/v4/widgets.go:220.3,220.32 1 0
github.com/romanSPB15/tui-compose/v4/widgets.go:222.3,222.27 1 0
github.com/romanSPB15/tui-compose/v4/widgets.go:224.3,225.21 2 0
github.com/romanSPB15/tui-compose/v4/widgets.go:226.4,227.1 1 0
github.com/romanSPB15/tui-compose/v4/widgets.go:229.3,229.36 1 1
github.com/romanSPB15/tui-compose/v4/widgets.go:230.4,230.28 1 1
github.com/romanSPB15/tui-compose/v4/widgets.go:231.5,232.1 1 1
github.com/romanSPB15/tui-compose/v4/widgets.go:233.4,233.20 1 1
github.com/romanSPB15/tui-compose/v4/widgets.go:234.5,235.1 1 1
github.com/romanSPB15/tui-compose/v4/widgets.go:238.3,238.85 1 0
github.com/romanSPB15/tui-compose/v4/widgets.go:239.4,240.1 1 0
github.com/romanSPB15/tui-compose/v4/widgets.go:258.2,263.1 1 0
github.com/romanSPB15/tui-compose/v4/widgets.go:268.2,269.9 2 0
github.com/romanSPB15/tui-compose/v4/widgets.go:271.3,271.15 1 0
github.com/romanSPB15/tui-compose/v4/widgets.go:273.3,273.15 1 0
github.com/romanSPB15/tui-compose/v4/widgets.go:275.3,275.15 1 0
github.com/romanSPB15/tui-compose/v4/widgets.go:277.3,277.14 1 0
github.com/romanSPB15/tui-compose/v4/widgets.go:280.2,281.20 2 0
github.com/romanSPB15/tui-compose/v4/widgets.go:282.3,283.1 1 0
github.com/romanSPB15/tui-compose/v4/widgets.go:284.3,285.1 1 0
github.com/romanSPB15/tui-compose/v4/widgets.go:286.2,288.1 4 0
github.com/romanSPB15/tui-compose/v4/widgets.go:289.2,290.48 4 0
github.com/romanSPB15/tui-compose/v4/widgets.go:291.3,292.1 1 0
github.com/romanSPB15/tui-compose/v4/widgets.go:297.2,298.1 1 0
github.com/romanSPB15/tui-compose/v4/widgets.go:302.2,303.1 1 0
github.com/romanSPB15/tui-compose/v4/widgets.go:307.2,308.1 1 0
github.com/romanSPB15/tui-compose/v4/widgets.go:312.2,313.1 1 0
github.com/romanSPB15/tui-compose/v4/widgets.go:317.2,319.1 2 0
github.com/romanSPB15/tui-compose/v4/widgets.go:323.2,325.1 2 0
github.com/romanSPB15/tui-compose/v4/widgets.go:329.2,331.1 2 0
github.com/romanSPB15/tui-compose/v4/widgets.go:335.2,337.1 2 0
github.com/romanSPB15/tui-compose/v4/widgets.go:341.2,343.1 2 0
github.com/romanSPB15/tui-compose/v4/widgets.go:347.2,349.1 2 0
github.com/romanSPB15/tui-compose/v4/widgets.go:353.2,355.1 2 0
github.com/romanSPB15/tui-compose/v4/widgets.go:359.2,359.25 1 0
github.com/romanSPB15/tui-compose/v4/widgets.go:361.3,361.20 1 0
github.com/romanSPB15/tui-compose/v4/widgets.go:363.3,363.19 1 0
github.com/romanSPB15/tui-compose/v4/widgets.go:365.3,365.25 1 0
github.com/romanSPB15/tui-compose/v4/widgets.go:367.3,368.19 2 0
github.com/romanSPB15/tui-compose/v4/widgets.go:369.4,370.1 1 0
github.com/romanSPB15/tui-compose/v4/widgets.go:372.3,372.36 1 0
github.com/romanSPB15/tui-compose/v4/widgets.go:373.4,374.1 1 0
github.com/romanSPB15/tui-compose/v4/widgets.go:375.3,376.19 2 0
github.com/romanSPB15/tui-compose/v4/widgets.go:377.4,378.1 1 0
github.com/romanSPB15/tui-compose/v4/widgets.go:379.3,379.25 1 0
github.com/romanSPB15/tui-compose/v4/widgets.go:380.4,381.1 1 0
github.com/romanSPB15/tui-compose/v4/widgets.go:383.3,383.59 1 0
github.com/romanSPB15/tui-compose/v4/widgets.go:384.4,385.20 2 0
github.com/romanSPB15/tui-compose/v4/widgets.go:386.5,387.1 1 0
github.com/romanSPB15/tui-compose/v4/widgets.go:388.4,388.26 1 0
github.com/romanSPB15/tui-compose/v4/widgets.go:389.5,390.1 1 0
github.com/romanSPB15/tui-compose/v4/widgets.go:423.2,431.1 1 0
github.com/romanSPB15/tui-compose/v4/widgets.go:436.2,438.1 2 0
github.com/romanSPB15/tui-compose/v4/widgets.go:442.2,444.1 2 0
github.com/romanSPB15/tui-compose/v4/widgets.go:448.2,450.1 2 0
github.com/romanSPB15/tui-compose/v4/widgets.go:454.2,456.1 2 0
github.com/romanSPB15/tui-compose/v4/widgets.go:460.2,461.17 2 0
github.com/romanSPB15/tui-compose/v4/widgets.go:462.3,464.1 2 0
github.com/romanSPB15/tui-compose/v4/widgets.go:465.2,467.10 3 0
github.com/romanSPB15/tui-compose/v4/widgets.go:472.2,474.1 2 0
github.com/romanSPB15/tui-compose/v4/widgets.go:478.2,480.1 2 0
github.com/romanSPB15/tui-compose/v4/widgets.go:484.2,486.1 2 0
github.com/romanSPB15/tui-compose/v4/widgets.go:490.2,492.1 2 0
github.com/romanSPB15/tui-compose/v4/widgets.go:496.2,498.1 2 0
github.com/romanSPB15/tui-compose/v4/widgets.go:502.2,505.1 3 0
github.com/romanSPB15/tui-compose/v4/widgets.go:509.2,511.1 2 0
github.com/romanSPB15/tui-compose/v4/widgets.go:515.2,517.1 2 0
github.com/romanSPB15/tui-compose/v4/widgets.go:521.2,522.1 1 0
github.com/romanSPB15/tui-compose/v4/widgets.go:526.2,527.9 2 0
github.com/romanSPB15/tui-compose/v4/widgets.go:529.3,529.24 1 0
github.com/romanSPB15/tui-compose/v4/widgets.go:531.3,531.24 1 0
github.com/romanSPB15/tui-compose/v4/widgets.go:534.2,536.55 3 0
github.com/romanSPB15/tui-compose/v4/widgets.go:537.3,539.1 2 0
github.com/romanSPB15/tui-compose/v4/widgets.go:540.3,542.1 2 0
github.com/romanSPB15/tui-compose/v4/widgets.go:544.2,545.26 2 0
github.com/romanSPB15/tui-compose/v4/widgets.go:546.3,547.1 1 0
github.com/romanSPB15/tui-compose/v4/widgets.go:549.2,549.31 1 0
github.com/romanSPB15/tui-compose/v4/widgets.go:550.3,552.21 3 0
github.com/romanSPB15/tui-compose/v4/widgets.go:553.4,555.1 2 0
github.com/romanSPB15/tui-compose/v4/widgets.go:556.4,558.1 2 0
github.com/romanSPB15/tui-compose/v4/widgets.go:559.3,559.45 1 0
github.com/romanSPB15/tui-compose/v4/widgets.go:562.2,562.34 1 0
github.com/romanSPB15/tui-compose/v4/widgets.go:563.3,564.29 2 0
github.com/romanSPB15/tui-compose/v4/widgets.go:565.4,566.1 1 0
github.com/romanSPB15/tui-compose/v4/widgets.go:567.3,567.26 1 0
github.com/romanSPB15/tui-compose/v4/widgets.go:568.4,569.30 2 0
github.com/romanSPB15/tui-compose/v4/widgets.go:570.5,571.1 1 0
github.com/romanSPB15/tui-compose/v4/widgets.go:572.5,573.1 1 0
github.com/romanSPB15/tui-compose/v4/widgets.go:574.4,574.73 1 0
github.com/romanSPB15/tui-compose/v4/widgets.go:581.2,582.1 1 0
github.com/romanSPB15/tui-compose/v4/widgets.go:586.2,587.1 1 0
github.com/romanSPB15/tui-compose/v4/widgets.go:591.2,591.25 1 0
github.com/romanSPB15/tui-compose/v4/widgets.go:593.3,593.20 1 0
github.com/romanSPB15/tui-compose/v4/widgets.go:595.3,595.19 1 0
github.com/romanSPB15/tui-compose/v4/widgets.go:597.3,598.17 2 0
github.com/romanSPB15/tui-compose/v4/widgets.go:599.4,601.1 2 0
github.com/romanSPB15/tui-compose/v4/widgets.go:603.3,604.19 2 0
github.com/romanSPB15/tui-compose/v4/widgets.go:605.4,606.1 1 0
github.com/romanSPB15/tui-compose/v4/widgets.go:608.3,609.17 2 0
github.com/romanSPB15/tui-compose/v4/widgets.go:611.4,611.32 1 0
github.com/romanSPB15/tui-compose/v4/widgets.go:612.5,615.21 4 0
github.com/romanSPB15/tui-compose/v4/widgets.go:616.6,617.1 1 0
github.com/romanSPB15/tui-compose/v4/widgets.go:618.5,618.27 1 0
github.com/romanSPB15/tui-compose/v4/widgets.go:619.6,620.1 1 0
github.com/romanSPB15/tui-compose/v4/widgets.go:623.4,623.24 1 0
github.com/romanSPB15/tui-compose/v4/widgets.go:624.5,625.1 1 0
github.com/romanSPB15/tui-compose/v4/widgets.go:626.4,630.20 5 0
github.com/romanSPB15/tui-compose/v4/widgets.go:631.5,632.1 1 0
github.com/romanSPB15/tui-compose/v4/widgets.go:633.4,633.26 1 0
github.com/romanSPB15/tui-compose/v4/widgets.go:634.5,635.1 1 0
github.com/romanSPB15/tui-compose/v4/widgets.go:637.4,637.32 1 0
github.com/romanSPB15/tui-compose/v4/widgets.go:638.5,640.21 3 0
github.com/romanSPB15/tui-compose/v4/widgets.go:641.6,642.1 1 0
github.com/romanSPB15/tui-compose/v4/widgets.go:645.4,645.23 1 0
github.com/romanSPB15/tui-compose/v4/widgets.go:646.5,648.21 3 0
github.com/romanSPB15/tui-compose/v4/widgets.go:649.6,650.1 1 0
github.com/romanSPB15/tui-compose/v4/widgets.go:653.4,653.24 1 0
github.com/romanSPB15/tui-compose/v4/widgets.go:654.5,655.1 1 0
github.com/romanSPB15/tui-compose/v4/widgets.go:657.4,659.20 3 0
github.com/romanSPB15/tui-compose/v4/widgets.go:660.5,661.1 1 0
github.com/romanSPB15/tui-compose/v4/widgets.go:663.4,663.20 1 0
github.com/romanSPB15/tui-compose/v4/widgets.go:664.5,664.94 1 0
github.com/romanSPB15/tui-compose/v4/widgets.go:665.6,666.1 1 0
github.com/romanSPB15/tui-compose/v4/widgets.go:667.5,667.48 1 0
github.com/romanSPB15/tui-compose/v4/widgets.go:669.6,672.1 3 0
github.com/romanSPB15/tui-compose/v4/widgets.go:674.6,674.66 1 0
github.com/romanSPB15/tui-compose/v4/widgets.go:675.7,676.1 1 0
github.com/romanSPB15/tui-compose/v4/widgets.go:677.6,679.19 3 0
github.com/romanSPB15/tui-compose/v4/widgets.go:681.5,682.21 2 0
github.com/romanSPB15/tui-compose/v4/widgets.go:683.6,684.1 1 0
github.com/romanSPB15/tui-compose/v4/widgets.go:685.5,685.27 1 0
github.com/romanSPB15/tui-compose/v4/widgets.go:686.6,687.1 1 0
github.com/romanSPB15/tui-compose/v4/widgets.go:691.3,691.36 1 0
github.com/romanSPB15/tui-compose/v4/widgets.go:692.4,694.24 3 0
github.com/romanSPB15/tui-compose/v4/widgets.go:695.5,696.1 1 0
github.com/romanSPB15/tui-compose/v4/widgets.go:697.4,697.15 1 0
github.com/romanSPB15/tui-compose/v4/widgets.go:698.5,699.1 1 0
github.com/romanSPB15/tui-compose/v4/widgets.go:700.4,704.20 5 0
github.com/romanSPB15/tui-compose/v4/widgets.go:705.5,707.1 2 0
github.com/romanSPB15/tui-compose/v4/widgets.go:714.2,714.18 1 0
github.com/romanSPB15/tui-compose/v4/widgets.go:715.3,716.1 1 0
github.com/romanSPB15/tui-compose/v4/widgets.go:717.2,717.24 1 0
github.com/romanSPB15/tui-compose/v4/widgets.go:718.3,719.1 1 0
github.com/romanSPB15/tui-compose/v4/widgets.go:725.2,727.1 4 0
github.com/romanSPB15/tui-compose/v4/widgets.go:728.2,729.6 4 0
github.com/romanSPB15/tui-compose/v4/widgets.go:730.3,730.10 1 0
github.com/romanSPB15/tui-compose/v4/widgets.go:732.4,732.10 1 0
github.com/romanSPB15/tui-compose/v4/widgets.go:734.4,734.20 1 0
github.com/romanSPB15/tui-compose/v4/widgets.go:735.5,735.36 1 0
github.com/romanSPB15/tui-compose/v4/widgets.go:736.6,738.1 2 0
github.com/romanSPB15/tui-compose/v4/widgets.go:745.2,749.1 4 1
github.com/romanSPB15/tui-compose/v4/widgets.go:753.2,753.32 1 0
github.com/romanSPB15/tui-compose/v4/widgets.go:754.3,755.1 1 0
github.com/romanSPB15/tui-compose/v4/widgets.go:772.2,772.14 1 0
github.com/romanSPB15/tui-compose/v4/widgets.go:773.3,774.1 1 0
github.com/romanSPB15/tui-compose/v4/widgets.go:775.2,779.1 1 0
github.com/romanSPB15/tui-compose/v4/widgets.go:784.2,784.11 1 0
github.com/romanSPB15/tui-compose/v4/widgets.go:785.3,786.1 1 0
github.com/romanSPB15/tui-compose/v4/widgets.go:787.2,787.11 1 0
github.com/romanSPB15/tui-compose/v4/widgets.go:788.3,789.1 1 0
github.com/romanSPB15/tui-compose/v4/widgets.go:790.2,791.10 2 0
github.com/romanSPB15/tui-compose/v4/widgets.go:796.2,797.1 1 0
github.com/romanSPB15/tui-compose/v4/widgets.go:801.2,802.1 1 0
github.com/romanSPB15/tui-compose/v4/widgets.go:806.2,807.58 2 0
github.com/romanSPB15/tui-compose/v4/widgets.go:808.3,809.1 1 0
github.com/romanSPB15/tui-compose/v4/widgets.go:810.2,810.24 1 0
github.com/romanSPB15/tui-compose/v4/widgets.go:811.3,812.1 1 0
github.com/romanSPB15/tui-compose/v4/widgets.go:814.2,815.24 2 0
github.com/romanSPB15/tui-compose/v4/widgets.go:816.3,817.1 1 0
github.com/romanSPB15/tui-compose/v4/widgets.go:818.3,819.1 1 0
github.com/romanSPB15/tui-compose/v4/widgets.go:821.2,823.34 3 0
github.com/romanSPB15/tui-compose/v4/widgets.go:824.3,825.27 2 0
github.com/romanSPB15/tui-compose/v4/widgets.go:826.4,826.12 1 0
github.com/romanSPB15/tui-compose/v4/widgets.go:828.3,828.56 1 0
github.com/romanSPB15/tui-compose/v4/widgets.go:834.2,836.1 2 0
github.com/romanSPB15/tui-compose/v4/widgets.go:840.2,842.1 2 0
github.com/romanSPB15/tui-compose/v4/widgets.go:846.2,848.1 2 0
github.com/romanSPB15/tui-compose/v4/widgets.go:852.2,854.1 2 0
github.com/romanSPB15/tui-compose/v4/widgets.go:858.2,860.1 2 0
github.com/romanSPB15/tui-compose/v4/widgets.go:864.2,866.1 2 0
github.com/romanSPB15/tui-compose/v4/widgets.go:870.2,873.1 3 0
github.com/romanSPB15/tui-compose/v4/widgets.go:877.2,880.1 3 0
github.com/romanSPB15/tui-compose/v4/widgets.go:884.2,887.1 3 0
github.com/romanSPB15/tui-compose/v4/widgets.go:891.2,894.1 3 0
github.com/romanSPB15/tui-compose/v4/widgets.go:898.2,901.1 3 0
github.com/romanSPB15/tui-compose/v4/widgets.go:905.2,908.1 3 0
github.com/romanSPB15/tui-compose/v4/widgets.go:912.2,914.1 2 0
github.com/romanSPB15/tui-compose/v4/widgets.go:918.2,918.37 1 0
github.com/romanSPB15/tui-compose/v4/widgets.go:918.39,918.51 1 0
github.com/romanSPB15/tui-compose/v4/widgets.go:919.2,919.10 1 0
github.com/romanSPB15/tui-compose/v4/widgets.go:924.2,926.1 2 0
github.com/romanSPB15/tui-compose/v4/ansi/ansi.go:10.2,11.1 1 1
github.com/romanSPB15/tui-compose/v4/ansi/ansi.go:19.2,20.24 2 1
github.com/romanSPB15/tui-compose/v4/ansi/ansi.go:21.3,22.1 1 1
github.com/romanSPB15/tui-compose/v4/ansi/ansi.go:23.2,24.32 2 1
github.com/romanSPB15/tui-compose/v4/ansi/ansi.go:25.3,28.1 3 1
github.com/romanSPB15/tui-compose/v4/ansi/ansi.go:29.2,29.26 1 1
github.com/romanSPB15/tui-compose/v4/builder/builder.go:12.26,12.26 0 0
github.com/romanSPB15/tui-compose/v4/builder/builder.go:13.26,13.26 0 0
github.com/romanSPB15/tui-compose/v4/builder/builder.go:23.2,24.1 1 0
github.com/romanSPB15/tui-compose/v4/builder/builder.go:28.2,29.1 1 0
github.com/romanSPB15/tui-compose/v4/builder/builder.go:32.31,32.50 1 0
github.com/romanSPB15/tui-compose/v4/builder/builder.go:35.31,35.50 1 0
github.com/romanSPB15/tui-compose/v4/builder/builder.go:39.2,40.1 1 0
github.com/romanSPB15/tui-compose/v4/builder/builder.go:44.2,44.11 1 0
github.com/romanSPB15/tui-compose/v4/builder/builder.go:45.3,45.40 1 0
github.com/romanSPB15/tui-compose/v4/builder/builder.go:47.2,47.31 1 0
github.com/romanSPB15/tui-compose/v4/builder/builder.go:48.3,49.28 2 0
github.com/romanSPB15/tui-compose/v4/builder/builder.go:50.4,51.1 1 0
github.com/romanSPB15/tui-compose/v4/builder/builder.go:52.3,54.17 3 0
github.com/romanSPB15/tui-compose/v4/builder/builder.go:60.2,62.1 2 0
github.com/romanSPB15/tui-compose/v4/builder/builder.go:66.2,68.1 2 0
github.com/romanSPB15/tui-compose/v4/builder/builder.go:72.2,75.1 3 0
github.com/romanSPB15/tui-compose/v4/builder/builder.go:79.2,81.1 2 0
github.com/romanSPB15/tui-compose/v4/builder/builder.go:84.2,85.1 1 0
github.com/romanSPB15/tui-compose/v4/builder/builder.go:88.2,89.1 1 0
github.com/romanSPB15/tui-compose/v4/builder/builder.go:92.2,93.1 1 0
github.com/romanSPB15/tui-compose/v4/builder/builder.go:96.2,97.1 1 0
github.com/romanSPB15/tui-compose/v4/builder/builder.go:100.2,101.1 1 0
github.com/romanSPB15/tui-compose/v4/builder/builder.go:104.2,105.1 1 0
github.com/romanSPB15/tui-compose/v4/builder/builder.go:112.2,114.24 3 0
github.com/romanSPB15/tui-compose/v4/builder/builder.go:115.3,116.1 1 0
github.com/romanSPB15/tui-compose/v4/builder/builder.go:118.2,118.30 1 0
github.com/romanSPB15/tui-compose/v4/builder/builder.go:119.3,120.15 2 0
github.com/romanSPB15/tui-compose/v4/builder/builder.go:121.4,122.12 2 0
github.com/romanSPB15/tui-compose/v4/builder/builder.go:124.3,124.20 1 0
github.com/romanSPB15/tui-compose/v4/builder/builder.go:125.4,125.12 1 0
github.com/romanSPB15/tui-compose/v4/builder/builder.go:127.3,128.20 2 0
github.com/romanSPB15/tui-compose/v4/builder/builder.go:129.4,130.1 3 0
github.com/romanSPB15/tui-compose/v4/builder/builder.go:131.4,132.12 3 0
github.com/romanSPB15/tui-compose/v4/builder/builder.go:134.3,136.23 3 0
github.com/romanSPB15/tui-compose/v4/builder/builder.go:137.4,138.9 2 0
github.com/romanSPB15/tui-compose/v4/builder/builder.go:141.3,143.1 3 0
github.com/romanSPB15/tui-compose/v4/builder/builder.go:144.3,144.58 3 0
github.com/romanSPB15/tui-compose/v4/builder/builder.go:145.4,146.12 2 0
github.com/romanSPB15/tui-compose/v4/builder/builder.go:149.3,149.25 1 0
github.com/romanSPB15/tui-compose/v4/builder/builder.go:150.4,150.27 1 0
github.com/romanSPB15/tui-compose/v4/builder/builder.go:152.5,153.13 2 0
github.com/romanSPB15/tui-compose/v4/builder/builder.go:155.5,156.13 2 0
github.com/romanSPB15/tui-compose/v4/builder/builder.go:160.3,160.25 1 0
github.com/romanSPB15/tui-compose/v4/builder/builder.go:161.4,161.27 1 0
github.com/romanSPB15/tui-compose/v4/builder/builder.go:163.5,163.26 1 0
github.com/romanSPB15/tui-compose/v4/builder/builder.go:165.5,165.26 1 0
github.com/romanSPB15/tui-compose/v4/builder/builder.go:167.5,167.26 1 0
github.com/romanSPB15/tui-compose/v4/builder/builder.go:169.5,169.26 1 0
github.com/romanSPB15/tui-compose/v4/builder/builder.go:171.5,171.19 1 0
github.com/romanSPB15/tui-compose/v4/builder/builder.go:173.5,173.28 1 0
github.com/romanSPB15/tui-compose/v4/builder/builder.go:175.5,175.28 1 0
github.com/romanSPB15/tui-compose/v4/builder/builder.go:177.5,177.28 1 0
github.com/romanSPB15/tui-compose/v4/builder/builder.go:179.5,179.28 1 0
github.com/romanSPB15/tui-compose/v4/builder/builder.go:181.5,181.20 1 0
github.com/romanSPB15/tui-compose/v4/builder/builder.go:183.5,183.13 1 0
github.com/romanSPB15/tui-compose/v4/builder/builder.go:185.4,185.12 1 0
github.com/romanSPB15/tui-compose/v4/builder/builder.go:189.3,189.31 1 0
github.com/romanSPB15/tui-compose/v4/builder/builder.go:190.4,190.10 1 0
github.com/romanSPB15/tui-compose/v4/builder/builder.go:191.5,192.1 1 0
github.com/romanSPB15/tui-compose/v4/builder/builder.go:193.5,194.1 1 0
github.com/romanSPB15/tui-compose/v4/builder/builder.go:195.4,195.12 1 0
github.com/romanSPB15/tui-compose/v4/builder/builder.go:198.3,198.33 1 0
github.com/romanSPB15/tui-compose/v4/builder/builder.go:204.2,205.1 1 0
github.com/romanSPB15/tui-compose/v4/builder/builder.go:209.2,210.25 2 0
github.com/romanSPB15/tui-compose/v4/builder/builder.go:211.3,213.17 3 0
github.com/romanSPB15/tui-compose/v4/builder/builder.go:214.4,215.1 1 0
github.com/romanSPB15/tui-compose/v4/builder/builder.go:216.3,216.13 1 0
github.com/romanSPB15/tui-compose/v4/builder/builder.go:217.4,218.1 1 0
github.com/romanSPB15/tui-compose/v4/builder/builder.go:220.2,220.19 1 0
github.com/romanSPB15/tui-compose/v4/builder/builder.go:225.2,226.1 1 0
github.com/romanSPB15/tui-compose/v4/cell/cell.go:47.2,50.1 3 0
github.com/romanSPB15/tui-compose/v4/cell/cell.go:57.2,57.15 1 0
github.com/romanSPB15/tui-compose/v4/cell/cell.go:58.3,59.1 1 0
github.com/romanSPB15/tui-compose/v4/cell/cell.go:61.2,61.20 1 0
github.com/romanSPB15/tui-compose/v4/cell/cell.go:62.3,64.1 2 0
github.com/romanSPB15/tui-compose/v4/cell/cell.go:66.2,66.23 1 0
github.com/romanSPB15/tui-compose/v4/cell/cell.go:67.3,69.1 2 0
github.com/romanSPB15/tui-compose/v4/cell/cell.go:71.2,72.1 3 0
github.com/romanSPB15/tui-compose/v4/cell/cell.go:73.2,74.1 3 0
github.com/romanSPB15/tui-compose/v4/cell/cell.go:75.2,75.33 3 0
github.com/romanSPB15/tui-compose/v4/cell/cell.go:76.3,76.14 1 0
github.com/romanSPB15/tui-compose/v4/cell/cell.go:77.4,78.1 1 0
github.com/romanSPB15/tui-compose/v4/cell/cell.go:79.3,80.17 2 0
github.com/romanSPB15/tui-compose/v4/cell/cell.go:83.2,83.45 1 0
github.com/romanSPB15/tui-compose/v4/cell/cell.go:84.3,85.1 1 0
github.com/romanSPB15/tui-compose/v4/cell/cell.go:85.9,85.52 1 0
github.com/romanSPB15/tui-compose/v4/cell/cell.go:86.3,87.1 1 0
github.com/romanSPB15/tui-compose/v4/cell/cell.go:89.2,89.49 1 0
github.com/romanSPB15/tui-compose/v4/cell/cell.go:90.3,91.1 1 0
github.com/romanSPB15/tui-compose/v4/cell/cell.go:91.9,91.56 1 0
github.com/romanSPB15/tui-compose/v4/cell/cell.go:92.3,93.1 1 0
github.com/romanSPB15/tui-compose/v4/cell/cell.go:95.2,95.55 1 0
github.com/romanSPB15/tui-compose/v4/cell/cell.go:96.3,97.1 1 0
github.com/romanSPB15/tui-compose/v4/cell/cell.go:97.9,97.62 1 0
github.com/romanSPB15/tui-compose/v4/cell/cell.go:98.3,99.1 1 0
github.com/romanSPB15/tui-compose/v4/cell/cell.go:101.2,101.51 1 0
github.com/romanSPB15/tui-compose/v4/cell/cell.go:102.3,103.1 1 0
github.com/romanSPB15/tui-compose/v4/cell/cell.go:103.9,103.58 1 0
github.com/romanSPB15/tui-compose/v4/cell/cell.go:104.3,105.1 1 0
github.com/romanSPB15/tui-compose/v4/cell/cell.go:107.2,107.47 1 0
github.com/romanSPB15/tui-compose/v4/cell/cell.go:108.3,109.1 1 0
github.com/romanSPB15/tui-compose/v4/cell/cell.go:109.9,109.54 1 0
github.com/romanSPB15/tui-compose/v4/cell/cell.go:110.3,111.1 1 0
github.com/romanSPB15/tui-compose/v4/cell/cell.go:113.2,113.21 1 0
github.com/romanSPB15/tui-compose/v4/cell/cell.go:114.3,114.17 1 0
github.com/romanSPB15/tui-compose/v4/cell/cell.go:115.4,116.1 1 0
github.com/romanSPB15/tui-compose/v4/cell/cell.go:117.4,118.28 2 0
github.com/romanSPB15/tui-compose/v4/cell/cell.go:119.5,120.1 1 0
github.com/romanSPB15/tui-compose/v4/cell/cell.go:124.2,124.21 1 0
github.com/romanSPB15/tui-compose/v4/cell/cell.go:125.3,125.17 1 0
github.com/romanSPB15/tui-compose/v4/cell/cell.go:126.4,127.1 1 0
github.com/romanSPB15/tui-compose/v4/cell/cell.go:128.4,129.28 2 0
github.com/romanSPB15/tui-compose/v4/cell/cell.go:130.5,131.1 1 0
github.com/romanSPB15/tui-compose/v4/cell/cell.go:135.2,135.19 1 0
github.com/romanSPB15/tui-compose/v4/cell/cell.go:141.2,141.25 1 1
github.com/romanSPB15/tui-compose/v4/cell/cell.go:142.3,143.1 1 0
github.com/romanSPB15/tui-compose/v4/cell/cell.go:145.2,146.1 2 1
github.com/romanSPB15/tui-compose/v4/cell/cell.go:147.2,147.18 2 1
github.com/romanSPB15/tui-compose/v4/cell/cell.go:148.3,149.1 1 1
github.com/romanSPB15/tui-compose/v4/cell/cell.go:150.2,150.18 1 1
github.com/romanSPB15/tui-compose/v4/cell/cell.go:151.3,152.1 1 0
github.com/romanSPB15/tui-compose/v4/cell/cell.go:154.2,154.10 1 1
github.com/romanSPB15/tui-compose/v4/cell/cell.go:158.2,158.70 1 1
github.com/romanSPB15/tui-compose/v4/cell/cell.go:159.3,160.1 1 0
github.com/romanSPB15/tui-compose/v4/cell/cell.go:161.2,162.22 2 1
github.com/romanSPB15/tui-compose/v4/cell/cell.go:163.3,164.1 1 0
github.com/romanSPB15/tui-compose/v4/cell/cell.go:166.2,168.1 4 1
github.com/romanSPB15/tui-compose/v4/cell/cell.go:169.2,170.22 4 1
github.com/romanSPB15/tui-compose/v4/cell/cell.go:171.3,172.12 2 1
github.com/romanSPB15/tui-compose/v4/cell/cell.go:174.4,175.25 2 1
github.com/romanSPB15/tui-compose/v4/cell/cell.go:177.4,177.18 1 1
github.com/romanSPB15/tui-compose/v4/cell/cell.go:179.4,179.20 1 0
github.com/romanSPB15/tui-compose/v4/cell/cell.go:181.4,181.23 1 0
github.com/romanSPB15/tui-compose/v4/cell/cell.go:183.4,183.19 1 0
github.com/romanSPB15/tui-compose/v4/cell/cell.go:185.4,185.21 1 0
github.com/romanSPB15/tui-compose/v4/cell/cell.go:187.4,187.21 1 0
github.com/romanSPB15/tui-compose/v4/cell/cell.go:189.4,189.23 1 0
github.com/romanSPB15/tui-compose/v4/cell/cell.go:191.4,191.26 1 0
github.com/romanSPB15/tui-compose/v4/cell/cell.go:193.4,193.22 1 0
github.com/romanSPB15/tui-compose/v4/cell/cell.go:195.4,195.24 1 0
github.com/romanSPB15/tui-compose/v4/cell/cell.go:197.4,197.31 1 1
github.com/romanSPB15/tui-compose/v4/cell/cell.go:199.4,199.31 1 0
github.com/romanSPB15/tui-compose/v4/cell/cell.go:201.4,201.31 1 0
github.com/romanSPB15/tui-compose/v4/cell/cell.go:203.4,203.31 1 0
github.com/romanSPB15/tui-compose/v4/cell/cell.go:205.4,205.24 1 0
github.com/romanSPB15/tui-compose/v4/cell/cell.go:207.4,207.24 1 0
github.com/romanSPB15/tui-compose/v4/cell/cell.go:209.4,209.25 1 0
github.com/romanSPB15/tui-compose/v4/cell/cell.go:210.5,210.48 1 0
github.com/romanSPB15/tui-compose/v4/cell/cell.go:211.6,213.1 2 0
github.com/romanSPB15/tui-compose/v4/cell/cell.go:213.12,213.55 1 0
github.com/romanSPB15/tui-compose/v4/cell/cell.go:214.6,216.1 2 0
github.com/romanSPB15/tui-compose/v4/cell/cell.go:219.4,219.25 1 0
github.com/romanSPB15/tui-compose/v4/cell/cell.go:220.5,220.48 1 0
github.com/romanSPB15/tui-compose/v4/cell/cell.go:221.6,223.1 2 0
github.com/romanSPB15/tui-compose/v4/cell/cell.go:223.12,223.55 1 0
github.com/romanSPB15/tui-compose/v4/cell/cell.go:224.6,226.1 2 0
github.com/romanSPB15/tui-compose/v4/cell/cell.go:228.11,228.11 0 0
github.com/romanSPB15/tui-compose/v4/cell/cell.go:231.3,231.6 1 1
github.com/romanSPB15/tui-compose/v4/cell/cell.go:233.2,233.21 1 1
github.com/romanSPB15/tui-compose/v4/cell/cell.go:238.2,240.1 2 0
github.com/romanSPB15/tui-compose/v4/cell/cell.go:245.2,245.13 1 1
github.com/romanSPB15/tui-compose/v4/cell/cell.go:246.3,247.1 1 0
github.com/romanSPB15/tui-compose/v4/cell/cell.go:249.2,250.1 4 1
github.com/romanSPB15/tui-compose/v4/cell/cell.go:251.2,253.1 4 1
github.com/romanSPB15/tui-compose/v4/cell/cell.go:254.2,254.23 4 1
github.com/romanSPB15/tui-compose/v4/cell/cell.go:255.3,255.27 1 1
github.com/romanSPB15/tui-compose/v4/cell/cell.go:256.4,259.1 3 1
github.com/romanSPB15/tui-compose/v4/cell/cell.go:260.3,260.29 1 1
github.com/romanSPB15/tui-compose/v4/cell/cell.go:263.2,265.1 3 1
github.com/romanSPB15/tui-compose/v4/cell/cell.go:266.2,266.17 3 1
github.com/romanSPB15/tui-compose/v4/cell/cell.go:267.3,267.50 1 1
github.com/romanSPB15/tui-compose/v4/cell/cell.go:268.4,270.1 3 1
github.com/romanSPB15/tui-compose/v4/cell/cell.go:271.4,271.31 3 1
github.com/romanSPB15/tui-compose/v4/cell/cell.go:272.5,274.1 2 1
github.com/romanSPB15/tui-compose/v4/cell/cell.go:276.4,277.1 2 1
github.com/romanSPB15/tui-compose/v4/cell/cell.go:278.4,278.30 2 1
github.com/romanSPB15/tui-compose/v4/cell/cell.go:279.5,280.1 1 0
github.com/romanSPB15/tui-compose/v4/cell/cell.go:282.4,282.30 1 1
github.com/romanSPB15/tui-compose/v4/cell/cell.go:283.5,284.1 1 0
github.com/romanSPB15/tui-compose/v4/cell/cell.go:286.4,289.12 4 1
github.com/romanSPB15/tui-compose/v4/cell/cell.go:292.3,294.12 3 1
github.com/romanSPB15/tui-compose/v4/cell/cell.go:297.2,297.28 1 1
github.com/romanSPB15/tui-compose/v4/cell/cell.go:303.2,303.13 1 0
github.com/romanSPB15/tui-compose/v4/cell/cell.go:304.3,305.1 1 0
github.com/romanSPB15/tui-compose/v4/cell/cell.go:307.2,310.1 5 0
github.com/romanSPB15/tui-compose/v4/cell/cell.go:311.2,312.1 5 0
github.com/romanSPB15/tui-compose/v4/cell/cell.go:313.2,313.29 5 0
github.com/romanSPB15/tui-compose/v4/cell/cell.go:314.3,315.1 5 0
github.com/romanSPB15/tui-compose/v4/cell/cell.go:316.3,319.1 5 0
github.com/romanSPB15/tui-compose/v4/cell/cell.go:320.3,321.1 5 0
github.com/romanSPB15/tui-compose/v4/cell/cell.go:323.2,324.29 2 0
github.com/romanSPB15/tui-compose/v4/cell/cell.go:325.3,325.22 1 0
github.com/romanSPB15/tui-compose/v4/cell/cell.go:326.4,327.1 1 0
github.com/romanSPB15/tui-compose/v4/cell/cell.go:329.2,329.29 1 0
github.com/romanSPB15/tui-compose/v4/cell/cell.go:330.3,330.22 1 0
github.com/romanSPB15/tui-compose/v4/cell/cell.go:331.4,332.23 2 0
github.com/romanSPB15/tui-compose/v4/cell/cell.go:333.5,334.1 1 0
github.com/romanSPB15/tui-compose/v4/cell/cell.go:335.4,335.35 1 0
github.com/romanSPB15/tui-compose/v4/cell/cell.go:338.2,338.15 1 0
github.com/romanSPB15/tui-compose/v4/cell/cell.go:343.2,343.21 1 0
github.com/romanSPB15/tui-compose/v4/cell/cell.go:344.3,345.1 1 0
github.com/romanSPB15/tui-compose/v4/cell/cell.go:346.2,347.33 2 0
github.com/romanSPB15/tui-compose/v4/cell/cell.go:348.3,348.17 1 0
github.com/romanSPB15/tui-compose/v4/cell/cell.go:349.4,350.1 1 0
github.com/romanSPB15/tui-compose/v4/cell/cell.go:351.3,352.28 2 0
github.com/romanSPB15/tui-compose/v4/cell/cell.go:353.4,353.49 1 0
github.com/romanSPB15/tui-compose/v4/cell/cell.go:354.5,355.1 1 0
github.com/romanSPB15/tui-compose/v4/cell/cell.go:356.4,357.21 2 0
github.com/romanSPB15/tui-compose/v4/cell/cell.go:360.3,360.24 1 0
github.com/romanSPB15/tui-compose/v4/cell/cell.go:361.4,362.1 1 0
github.com/romanSPB15/tui-compose/v4/cell/cell.go:364.2,364.25 1 0
github.com/romanSPB15/tui-compose/v4/extra/accordion.go:24.2,24.25 1 0
github.com/romanSPB15/tui-compose/v4/extra/accordion.go:26.3,26.22 1 0
github.com/romanSPB15/tui-compose/v4/extra/accordion.go:34.2,40.1 2 1
github.com/romanSPB15/tui-compose/v4/extra/accordion.go:41.2,41.39 2 1
github.com/romanSPB15/tui-compose/v4/extra/accordion.go:42.3,42.17 1 1
github.com/romanSPB15/tui-compose/v4/extra/accordion.go:43.4,45.1 2 1
github.com/romanSPB15/tui-compose/v4/extra/accordion.go:46.4,48.1 2 0
github.com/romanSPB15/tui-compose/v4/extra/accordion.go:49.3,49.21 1 1
github.com/romanSPB15/tui-compose/v4/extra/accordion.go:50.4,52.1 2 0
github.com/romanSPB15/tui-compose/v4/extra/accordion.go:55.2,56.1 2 1
github.com/romanSPB15/tui-compose/v4/extra/accordion.go:57.2,57.12 2 1
github.com/romanSPB15/tui-compose/v4/extra/accordion.go:60.46,60.46 0 1
github.com/romanSPB15/tui-compose/v4/extra/accordion.go:63.2,63.16 1 1
github.com/romanSPB15/tui-compose/v4/extra/accordion.go:64.3,65.1 1 0
github.com/romanSPB15/tui-compose/v4/extra/accordion.go:66.2,66.32 1 1
github.com/romanSPB15/tui-compose/v4/extra/accordion.go:70.2,70.12 1 0
github.com/romanSPB15/tui-compose/v4/extra/accordion.go:71.3,72.1 1 0
github.com/romanSPB15/tui-compose/v4/extra/accordion.go:73.2,73.33 1 0
github.com/romanSPB15/tui-compose/v4/extra/accordion.go:77.2,78.1 1 1
github.com/romanSPB15/tui-compose/v4/extra/accordion.go:81.2,82.16 2 1
github.com/romanSPB15/tui-compose/v4/extra/accordion.go:83.3,84.1 1 0
github.com/romanSPB15/tui-compose/v4/extra/accordion.go:85.2,85.10 1 1
github.com/romanSPB15/tui-compose/v4/extra/barchart.go:22.2,28.1 1 1
github.com/romanSPB15/tui-compose/v4/extra/barchart.go:33.2,34.17 2 1
[...]
github.com/romanSPB15/tui-compose/v4/extra/tree.go:63.3,63.21 1 0
github.com/romanSPB15/tui-compose/v4/extra/tree.go:64.4,64.37 1 0
github.com/romanSPB15/tui-compose/v4/extra/tree.go:65.5,65.16 1 0
github.com/romanSPB15/tui-compose/v4/extra/tree.go:66.6,67.1 1 0
github.com/romanSPB15/tui-compose/v4/extra/tree.go:69.4,70.20 2 0
github.com/romanSPB15/tui-compose/v4/extra/tree.go:71.5,72.1 1 0
github.com/romanSPB15/tui-compose/v4/extra/tree.go:73.4,74.40 2 0
github.com/romanSPB15/tui-compose/v4/extra/tree.go:75.5,76.1 1 0
github.com/romanSPB15/tui-compose/v4/extra/tree.go:79.3,82.21 4 0
github.com/romanSPB15/tui-compose/v4/extra/tree.go:83.4,84.1 1 0
github.com/romanSPB15/tui-compose/v4/extra/tree.go:85.3,85.32 1 0
github.com/romanSPB15/tui-compose/v4/extra/tree.go:86.4,86.30 1 0
github.com/romanSPB15/tui-compose/v4/extra/tree.go:87.5,88.1 1 0
github.com/romanSPB15/tui-compose/v4/extra/tree.go:91.3,91.21 1 0
github.com/romanSPB15/tui-compose/v4/extra/tree.go:92.4,92.20 1 0
github.com/romanSPB15/tui-compose/v4/extra/tree.go:93.5,94.38 2 0
github.com/romanSPB15/tui-compose/v4/extra/tree.go:95.6,95.18 1 0
github.com/romanSPB15/tui-compose/v4/extra/tree.go:96.7,97.12 2 0
github.com/romanSPB15/tui-compose/v4/extra/tree.go:100.5,100.15 1 0
github.com/romanSPB15/tui-compose/v4/extra/tree.go:101.6,102.1 1 0
github.com/romanSPB15/tui-compose/v4/extra/tree.go:104.5,104.40 1 0
github.com/romanSPB15/tui-compose/v4/extra/tree.go:105.6,105.18 1 0
github.com/romanSPB15/tui-compose/v4/extra/tree.go:106.7,107.12 2 0
github.com/romanSPB15/tui-compose/v4/extra/tree.go:116.2,117.31 2 0
github.com/romanSPB15/tui-compose/v4/extra/tree.go:118.3,119.19 2 0
github.com/romanSPB15/tui-compose/v4/extra/tree.go:120.4,121.1 1 0
github.com/romanSPB15/tui-compose/v4/extra/tree.go:123.2,123.12 1 0
github.com/romanSPB15/tui-compose/v4/extra/tree.go:127.2,128.1 1 0
github.com/romanSPB15/tui-compose/v4/extra/tree.go:133.2,138.1 5 0
github.com/romanSPB15/tui-compose/v4/extra/tree.go:143.2,148.1 5 0
github.com/romanSPB15/tui-compose/v4/extra/tree.go:153.2,158.1 5 0
github.com/romanSPB15/tui-compose/v4/extra/tree.go:163.2,168.1 5 0
github.com/romanSPB15/tui-compose/v4/extra/tree.go:173.2,175.1 2 0
github.com/romanSPB15/tui-compose/v4/input/common.go:24.2,24.18 1 1
github.com/romanSPB15/tui-compose/v4/input/common.go:25.3,26.1 1 0
github.com/romanSPB15/tui-compose/v4/input/common.go:27.2,29.1 3 1
github.com/romanSPB15/tui-compose/v4/input/common.go:30.2,30.13 3 1
github.com/romanSPB15/tui-compose/v4/input/common.go:31.3,32.1 1 0
github.com/romanSPB15/tui-compose/v4/input/common.go:34.2,35.1 5 1
github.com/romanSPB15/tui-compose/v4/input/common.go:36.2,38.1 5 1
github.com/romanSPB15/tui-compose/v4/input/common.go:39.2,40.1 5 1
github.com/romanSPB15/tui-compose/v4/input/common.go:41.2,41.33 5 1
github.com/romanSPB15/tui-compose/v4/input/common.go:42.3,42.45 1 0
github.com/romanSPB15/tui-compose/v4/input/common.go:43.4,43.11 1 0
github.com/romanSPB15/tui-compose/v4/input/common.go:44.21,44.21 0 0
github.com/romanSPB15/tui-compose/v4/input/common.go:45.12,45.12 0 0
github.com/romanSPB15/tui-compose/v4/input/common.go:47.4,47.10 1 0
github.com/romanSPB15/tui-compose/v4/input/common.go:50.3,50.48 1 0
github.com/romanSPB15/tui-compose/v4/input/common.go:51.4,51.11 1 0
github.com/romanSPB15/tui-compose/v4/input/common.go:52.24,52.24 0 0
github.com/romanSPB15/tui-compose/v4/input/common.go:53.12,53.12 0 0
github.com/romanSPB15/tui-compose/v4/input/common.go:58.2,59.28 2 1
github.com/romanSPB15/tui-compose/v4/input/common.go:65.2,66.14 2 1
github.com/romanSPB15/tui-compose/v4/input/common.go:67.3,69.1 2 0
github.com/romanSPB15/tui-compose/v4/input/common.go:70.2,74.1 7 1
github.com/romanSPB15/tui-compose/v4/input/common.go:77.2,78.1 7 1
github.com/romanSPB15/tui-compose/v4/input/common.go:79.2,80.17 7 1
github.com/romanSPB15/tui-compose/v4/input/keyboard.go:109.2,109.20 1 0
github.com/romanSPB15/tui-compose/v4/input/keyboard.go:110.3,111.10 2 0
github.com/romanSPB15/tui-compose/v4/input/keyboard.go:113.4,113.22 1 0
github.com/romanSPB15/tui-compose/v4/input/keyboard.go:115.4,115.20 1 0
github.com/romanSPB15/tui-compose/v4/input/keyboard.go:117.4,117.33 1 0
github.com/romanSPB15/tui-compose/v4/input/keyboard.go:119.4,119.24 1 0
github.com/romanSPB15/tui-compose/v4/input/keyboard.go:121.4,121.24 1 0
github.com/romanSPB15/tui-compose/v4/input/keyboard.go:123.4,123.32 1 0
github.com/romanSPB15/tui-compose/v4/input/keyboard.go:125.4,125.20 1 0
github.com/romanSPB15/tui-compose/v4/input/keyboard.go:127.4,127.26 1 0
github.com/romanSPB15/tui-compose/v4/input/keyboard.go:129.4,129.27 1 0
github.com/romanSPB15/tui-compose/v4/input/keyboard.go:130.5,131.1 1 0
github.com/romanSPB15/tui-compose/v4/input/keyboard.go:132.4,132.24 1 0
github.com/romanSPB15/tui-compose/v4/input/keyboard.go:135.2,136.30 2 0
github.com/romanSPB15/tui-compose/v4/input/keyboard.go:137.3,138.1 1 0
github.com/romanSPB15/tui-compose/v4/input/keyboard.go:140.2,140.36 1 0
github.com/romanSPB15/tui-compose/v4/input/keyboard.go:141.3,142.26 2 0
github.com/romanSPB15/tui-compose/v4/input/keyboard.go:143.4,144.1 1 0
github.com/romanSPB15/tui-compose/v4/input/keyboard.go:147.2,147.22 1 0
github.com/romanSPB15/tui-compose/v4/input/keyboard.go:151.2,151.20 1 0
github.com/romanSPB15/tui-compose/v4/input/keyboard.go:152.3,153.1 1 0
github.com/romanSPB15/tui-compose/v4/input/keyboard.go:154.2,154.72 1 0
github.com/romanSPB15/tui-compose/v4/input/keyboard.go:155.3,156.1 1 0
github.com/romanSPB15/tui-compose/v4/input/keyboard.go:157.2,160.1 5 0
github.com/romanSPB15/tui-compose/v4/input/keyboard.go:161.2,162.1 5 0
github.com/romanSPB15/tui-compose/v4/input/keyboard.go:163.2,163.66 5 0
github.com/romanSPB15/tui-compose/v4/input/keyboard.go:164.3,166.1 2 0
github.com/romanSPB15/tui-compose/v4/input/keyboard.go:168.2,168.31 1 0
github.com/romanSPB15/tui-compose/v4/input/keyboard.go:169.3,170.1 1 0
github.com/romanSPB15/tui-compose/v4/input/keyboard.go:172.2,176.1 1 0
github.com/romanSPB15/tui-compose/v4/input/mouse.go:41.2,42.37 2 0
github.com/romanSPB15/tui-compose/v4/input/mouse.go:43.3,44.1 1 0
github.com/romanSPB15/tui-compose/v4/input/mouse.go:46.2,47.19 2 0
github.com/romanSPB15/tui-compose/v4/input/mouse.go:48.3,49.1 1 0
github.com/romanSPB15/tui-compose/v4/input/mouse.go:52.2,53.36 2 0
github.com/romanSPB15/tui-compose/v4/input/mouse.go:54.3,55.1 1 0
github.com/romanSPB15/tui-compose/v4/input/mouse.go:56.2,57.1 3 0
github.com/romanSPB15/tui-compose/v4/input/mouse.go:58.2,59.21 3 0
github.com/romanSPB15/tui-compose/v4/input/mouse.go:60.3,61.1 1 0
github.com/romanSPB15/tui-compose/v4/input/mouse.go:63.2,64.26 2 0
github.com/romanSPB15/tui-compose/v4/input/mouse.go:65.3,66.1 1 0
github.com/romanSPB15/tui-compose/v4/input/mouse.go:67.2,68.16 2 0
github.com/romanSPB15/tui-compose/v4/input/mouse.go:69.3,70.1 1 0
github.com/romanSPB15/tui-compose/v4/input/mouse.go:71.2,72.16 2 0
github.com/romanSPB15/tui-compose/v4/input/mouse.go:73.3,74.1 1 0
github.com/romanSPB15/tui-compose/v4/input/mouse.go:76.2,82.1 3 0
github.com/romanSPB15/tui-compose/v4/input/mouse.go:84.2,88.1 3 0
github.com/romanSPB15/tui-compose/v4/input/mouse.go:89.2,89.9 3 0
github.com/romanSPB15/tui-compose/v4/input/mouse.go:91.3,91.17 1 0
github.com/romanSPB15/tui-compose/v4/input/mouse.go:93.4,93.28 1 0
github.com/romanSPB15/tui-compose/v4/input/mouse.go:95.4,95.30 1 0
github.com/romanSPB15/tui-compose/v4/input/mouse.go:97.4,97.30 1 0
github.com/romanSPB15/tui-compose/v4/input/mouse.go:99.4,99.31 1 0
github.com/romanSPB15/tui-compose/v4/input/mouse.go:103.3,104.26 2 0
github.com/romanSPB15/tui-compose/v4/input/mouse.go:105.4,106.1 1 0
github.com/romanSPB15/tui-compose/v4/input/mouse.go:109.3,110.26 2 0
github.com/romanSPB15/tui-compose/v4/input/mouse.go:111.4,112.1 1 0
github.com/romanSPB15/tui-compose/v4/input/mouse.go:115.3,116.26 2 0
github.com/romanSPB15/tui-compose/v4/input/mouse.go:117.4,118.1 1 0
github.com/romanSPB15/tui-compose/v4/input/mouse.go:121.2,121.11 1 0
github.com/romanSPB15/tui-compose/v4/react/react.go:19.2,23.1 3 0
github.com/romanSPB15/tui-compose/v4/react/react.go:24.2,26.1 3 0
github.com/romanSPB15/tui-compose/v4/react/react.go:30.2,31.1 1 0
github.com/romanSPB15/tui-compose/v4/react/react.go:35.2,35.22 1 0
github.com/romanSPB15/tui-compose/v4/react/react.go:36.3,39.15 4 0
github.com/romanSPB15/tui-compose/v4/react/react.go:40.4,41.1 1 0
github.com/romanSPB15/tui-compose/v4/react/react.go:48.2,48.22 1 0
github.com/romanSPB15/tui-compose/v4/react/react.go:49.3,50.1 1 0
github.com/romanSPB15/tui-compose/v4/react/react.go:55.2,56.1 1 0
github.com/romanSPB15/tui-compose/v4/react/react.go:60.2,61.1 1 0
github.com/romanSPB15/tui-compose/v4/react/react.go:65.2,66.1 1 0
github.com/romanSPB15/tui-compose/v4/react/react.go:70.2,71.1 1 0
github.com/romanSPB15/tui-compose/v4/react/react.go:75.2,76.1 1 0
github.com/romanSPB15/tui-compose/v4/react/react.go:80.2,81.1 1 0
github.com/romanSPB15/tui-compose/v4/react/react.go:85.2,86.1 1 0
github.com/romanSPB15/tui-compose/v4/react/react.go:90.2,91.1 1 0
github.com/romanSPB15/tui-compose/v4/react/react.go:95.2,96.1 1 0
github.com/romanSPB15/tui-compose/v4/react/react.go:100.2,101.1 1 0
github.com/romanSPB15/tui-compose/v4/react/react.go:105.2,106.1 1 0
github.com/romanSPB15/tui-compose/v4/react/react.go:110.2,111.1 1 0
github.com/romanSPB15/tui-compose/v4/react/react.go:115.2,116.1 1 0
github.com/romanSPB15/tui-compose/v4/react/react.go:120.2,121.1 1 0
github.com/romanSPB15/tui-compose/v4/react/react.go:125.2,126.1 1 0
github.com/romanSPB15/tui-compose/v4/react/react.go:130.2,131.1 1 0
github.com/romanSPB15/tui-compose/v4/react/react.go:135.2,136.1 1 0
github.com/romanSPB15/tui-compose/v4/react/react.go:140.2,141.1 1 0
github.com/romanSPB15/tui-compose/v4/react/react.go:145.2,146.1 1 0
github.com/romanSPB15/tui-compose/v4/react/react.go:150.2,151.1 1 0
github.com/romanSPB15/tui-compose/v4/tea/tea.go:30.19,30.37 1 0
github.com/romanSPB15/tui-compose/v4/tea/tea.go:36.2,36.20 1 0
github.com/romanSPB15/tui-compose/v4/tea/tea.go:36.22,36.40 1 0
github.com/romanSPB15/tui-compose/v4/tea/tea.go:43.2,43.20 1 0
github.com/romanSPB15/tui-compose/v4/tea/tea.go:44.3,45.1 1 0
github.com/romanSPB15/tui-compose/v4/tea/tea.go:52.2,52.20 1 0
github.com/romanSPB15/tui-compose/v4/tea/tea.go:53.3,55.1 2 0
github.com/romanSPB15/tui-compose/v4/tea/tea.go:85.2,88.1 3 0
github.com/romanSPB15/tui-compose/v4/tea/tea.go:89.2,91.1 3 0
github.com/romanSPB15/tui-compose/v4/tea/tea.go:97.2,99.1 3 0
github.com/romanSPB15/tui-compose/v4/tea/tea.go:100.2,100.59 3 0
github.com/romanSPB15/tui-compose/v4/tea/tea.go:101.3,102.1 1 0
github.com/romanSPB15/tui-compose/v4/tea/tea.go:104.2,104.60 1 0
github.com/romanSPB15/tui-compose/v4/tea/tea.go:105.3,106.1 1 0
github.com/romanSPB15/tui-compose/v4/tea/tea.go:108.2,109.16 2 0
github.com/romanSPB15/tui-compose/v4/tea/tea.go:116.2,117.1 1 0
github.com/romanSPB15/tui-compose/v4/tea/tea.go:123.2,123.39 1 0
github.com/romanSPB15/tui-compose/v4/tea/tea.go:124.3,125.1 1 0
github.com/romanSPB15/tui-compose/v4/tea/tea.go:127.2,127.27 1 0
github.com/romanSPB15/tui-compose/v4/tea/tea.go:128.3,128.38 1 0
github.com/romanSPB15/tui-compose/v4/tea/tea.go:129.4,129.35 1 0
github.com/romanSPB15/tui-compose/v4/tea/tea.go:130.5,130.20 1 0
github.com/romanSPB15/tui-compose/v4/tea/tea.go:131.6,132.1 1 0
github.com/romanSPB15/tui-compose/v4/tea/tea.go:134.4,134.12 1 0
github.com/romanSPB15/tui-compose/v4/tea/tea.go:137.3,139.1 3 0
github.com/romanSPB15/tui-compose/v4/tea/tea.go:140.3,140.17 3 0
github.com/romanSPB15/tui-compose/v4/tea/tea.go:141.4,141.19 1 0
github.com/romanSPB15/tui-compose/v4/tea/tea.go:142.5,143.1 1 0
github.com/romanSPB15/tui-compose/v4/tea/tea.go:146.3,146.10 1 0
github.com/romanSPB15/tui-compose/v4/tea/tea.go:148.4,149.10 2 0
github.com/romanSPB15/tui-compose/v4/tea/tea.go:151.4,151.27 1 0
github.com/romanSPB15/tui-compose/v4/tea/tea.go:152.5,153.1 3 0
github.com/romanSPB15/tui-compose/v4/tea/tea.go:155.5,156.1 3 0
github.com/romanSPB15/tui-compose/v4/tea/tea.go:157.5,158.1 3 0
github.com/romanSPB15/tui-compose/v4/tea/tea.go:160.4,160.34 1 0
github.com/romanSPB15/tui-compose/v4/tea/tea.go:161.5,164.1 3 0
github.com/romanSPB15/tui-compose/v4/tea/tea.go:177.2,179.1 2 0
github.com/romanSPB15/tui-compose/v4/tea/tea.go:182.2,183.52 2 0
github.com/romanSPB15/tui-compose/v4/tea/tea.go:184.3,184.38 1 0
github.com/romanSPB15/tui-compose/v4/tea/tea.go:185.4,186.1 1 0
github.com/romanSPB15/tui-compose/v4/tea/tea.go:188.2,188.12 1 0
github.com/romanSPB15/tui-compose/v4/tea/tea.go:192.2,193.1 1 0
github.com/romanSPB15/tui-compose/v4/tea/tea.go:199.2,201.1 1 0
github.com/romanSPB15/tui-compose/v4/tea/tea.go:208.2,208.27 1 0
github.com/romanSPB15/tui-compose/v4/tea/tea.go:209.3,210.1 1 0
github.com/romanSPB15/tui-compose/v4/tea/tea.go:216.2,216.21 1 0
github.com/romanSPB15/tui-compose/v4/tea/tea.go:217.3,217.26 1 0
github.com/romanSPB15/tui-compose/v4/tea/tea.go:218.4,219.1 1 0
github.com/romanSPB15/tui-compose/v4/tea/tea.go:227.2,227.20 1 0
github.com/romanSPB15/tui-compose/v4/tea/tea.go:228.3,228.28 1 0
github.com/romanSPB15/tui-compose/v4/tea/tea.go:229.4,230.1 1 0
github.com/romanSPB15/tui-compose/v4/tea/tea.go:231.3,231.13 1 0
github.com/romanSPB15/tui-compose/v4/tea/tea.go:239.2,239.27 1 0
github.com/romanSPB15/tui-compose/v4/tea/tea.go:240.3,241.1 1 0
github.com/romanSPB15/tui-compose/v4/tea/tea.go:242.2,242.38 1 0
github.com/romanSPB15/tui-compose/v4/term/ansi_windows.go:14.2,16.62 3 0
github.com/romanSPB15/tui-compose/v4/term/ansi_windows.go:17.3,18.1 1 0
github.com/romanSPB15/tui-compose/v4/term/ansi_windows.go:19.2,20.42 2 0
github.com/romanSPB15/tui-compose/v4/term/ansi_windows.go:26.2,26.14 1 1
github.com/romanSPB15/tui-compose/v4/term/ansi_windows.go:27.3,28.1 1 0
github.com/romanSPB15/tui-compose/v4/term/ansi_windows.go:29.2,31.57 3 1
github.com/romanSPB15/tui-compose/v4/term/ansi_windows.go:32.3,33.1 1 1
github.com/romanSPB15/tui-compose/v4/term/ansi_windows.go:34.2,35.37 2 0
github.com/romanSPB15/tui-compose/v4/term/clip_windows.go:33.2,35.1 5 0
github.com/romanSPB15/tui-compose/v4/term/clip_windows.go:36.2,37.1 5 0
github.com/romanSPB15/tui-compose/v4/term/clip_windows.go:38.2,39.12 5 0
github.com/romanSPB15/tui-compose/v4/term/clip_windows.go:40.3,41.1 1 0
github.com/romanSPB15/tui-compose/v4/term/clip_windows.go:42.2,43.1 4 0
github.com/romanSPB15/tui-compose/v4/term/clip_windows.go:44.2,45.1 4 0
github.com/romanSPB15/tui-compose/v4/term/clip_windows.go:46.2,47.15 4 0
github.com/romanSPB15/tui-compose/v4/term/clip_windows.go:48.3,49.1 1 0
github.com/romanSPB15/tui-compose/v4/term/clip_windows.go:51.2,52.14 2 0
github.com/romanSPB15/tui-compose/v4/term/clip_windows.go:53.3,55.1 2 0
github.com/romanSPB15/tui-compose/v4/term/clip_windows.go:57.2,59.1 5 0
github.com/romanSPB15/tui-compose/v4/term/clip_windows.go:60.2,61.1 5 0
github.com/romanSPB15/tui-compose/v4/term/clip_windows.go:62.2,63.12 5 0
github.com/romanSPB15/tui-compose/v4/term/clip_windows.go:64.3,65.1 1 0
github.com/romanSPB15/tui-compose/v4/term/term.go:29.2,29.15 1 1
github.com/romanSPB15/tui-compose/v4/term/term.go:30.3,35.1 5 0
github.com/romanSPB15/tui-compose/v4/term/term.go:37.2,40.1 4 1
github.com/romanSPB15/tui-compose/v4/term/term.go:41.2,41.12 4 1
github.com/romanSPB15/tui-compose/v4/term/term.go:46.2,46.18 1 1
github.com/romanSPB15/tui-compose/v4/term/term.go:47.3,48.1 1 0
github.com/romanSPB15/tui-compose/v4/term/term.go:49.2,51.13 3 1
github.com/romanSPB15/tui-compose/v4/term/term.go:52.3,53.1 1 0
github.com/romanSPB15/tui-compose/v4/term/term.go:54.2,56.20 3 1
github.com/romanSPB15/tui-compose/v4/term/term.go:61.2,65.1 4 0
github.com/romanSPB15/tui-compose/v4/term/term.go:69.2,71.1 3 1
github.com/romanSPB15/tui-compose/v4/term/term.go:72.2,72.14 3 1
github.com/romanSPB15/tui-compose/v4/term/term.go:73.3,74.1 1 0
github.com/romanSPB15/tui-compose/v4/term/term.go:75.2,76.1 3 1
github.com/romanSPB15/tui-compose/v4/term/term.go:77.2,78.1 3 1
github.com/romanSPB15/tui-compose/v4/term/term.go:79.2,79.27 3 1
github.com/romanSPB15/tui-compose/v4/term/term.go:80.3,80.10 1 0
github.com/romanSPB15/tui-compose/v4/term/term.go:81.4,81.17 1 0
github.com/romanSPB15/tui-compose/v4/term/term.go:81.19,81.30 1 0
github.com/romanSPB15/tui-compose/v4/term/term.go:82.4,82.13 1 0
github.com/romanSPB15/tui-compose/v4/term/term.go:85.2,86.9 2 1
github.com/romanSPB15/tui-compose/v4/term/term.go:90.2,91.1 4 1
github.com/romanSPB15/tui-compose/v4/term/term.go:98.2,100.1 4 1
github.com/romanSPB15/tui-compose/v4/term/term.go:101.2,102.1 4 1
github.com/romanSPB15/tui-compose/v4/term/term.go:103.2,103.6 4 1
github.com/romanSPB15/tui-compose/v4/term/term.go:104.3,104.18 1 1
github.com/romanSPB15/tui-compose/v4/term/term.go:105.4,106.1 1 1
github.com/romanSPB15/tui-compose/v4/term/term.go:108.3,109.17 2 1
github.com/romanSPB15/tui-compose/v4/term/term.go:110.4,110.25 1 1
github.com/romanSPB15/tui-compose/v4/term/term.go:111.5,111.12 1 0
github.com/romanSPB15/tui-compose/v4/term/term.go:113.6,113.12 1 0
github.com/romanSPB15/tui-compose/v4/term/term.go:115.6,115.14 1 0
github.com/romanSPB15/tui-compose/v4/term/term.go:118.4,118.10 1 1
github.com/romanSPB15/tui-compose/v4/term/term.go:120.3,120.13 1 0
github.com/romanSPB15/tui-compose/v4/term/term.go:121.4,121.12 1 0
github.com/romanSPB15/tui-compose/v4/term/term.go:124.3,126.1 4 0
github.com/romanSPB15/tui-compose/v4/term/term.go:127.3,128.1 4 0
github.com/romanSPB15/tui-compose/v4/term/term.go:129.3,129.10 4 0
github.com/romanSPB15/tui-compose/v4/term/term.go:131.4,132.10 2 0
github.com/romanSPB15/tui-compose/v4/term/term.go:133.11,133.11 0 0
github.com/romanSPB15/tui-compose/v4/term/term.go:136.3,136.28 1 0
github.com/romanSPB15/tui-compose/v4/term/term.go:137.4,137.11 1 0
github.com/romanSPB15/tui-compose/v4/term/term.go:139.5,140.11 2 0
github.com/romanSPB15/tui-compose/v4/term/term.go:141.20,141.20 0 0
github.com/romanSPB15/tui-compose/v4/term/term.go:142.12,142.12 0 0
github.com/romanSPB15/tui-compose/v4/term/term.go:146.3,146.23 1 0
github.com/romanSPB15/tui-compose/v4/term/term.go:147.4,147.11 1 0
github.com/romanSPB15/tui-compose/v4/term/term.go:148.5,148.18 1 0
github.com/romanSPB15/tui-compose/v4/term/term.go:149.6,149.38 1 0
github.com/romanSPB15/tui-compose/v4/term/term.go:150.7,151.1 1 0
github.com/romanSPB15/tui-compose/v4/term/term.go:153.5,153.12 1 0
github.com/romanSPB15/tui-compose/v4/term/term.go:157.3,157.14 1 0
github.com/romanSPB15/tui-compose/v4/term/term.go:172.2,173.16 2 0
github.com/romanSPB15/tui-compose/v4/term/term.go:174.3,176.1 2 0
github.com/romanSPB15/tui-compose/v4/term/term.go:177.2,177.12 1 0
github.com/romanSPB15/tui-compose/v4/term/term.go:182.2,183.1 1 0
github.com/romanSPB15/tui-compose/v4/term/term.go:187.2,187.39 1 0
github.com/romanSPB15/tui-compose/v4/term/term.go:188.3,189.1 1 0
github.com/romanSPB15/tui-compose/v4/term/term.go:190.2,190.50 1 0
github.com/romanSPB15/tui-compose/v4/term/term.go:196.2,197.16 2 0
github.com/romanSPB15/tui-compose/v4/term/term.go:198.3,199.1 1 0
github.com/romanSPB15/tui-compose/v4/term/term.go:200.2,200.14 1 0
github.com/romanSPB15/tui-compose/v4/term/term.go:206.2,207.16 2 0
github.com/romanSPB15/tui-compose/v4/term/term.go:208.3,210.1 2 0
github.com/romanSPB15/tui-compose/v4/term/term.go:211.2,211.15 1 0
github.com/romanSPB15/tui-compose/v4/term/term.go:217.2,218.16 2 0
github.com/romanSPB15/tui-compose/v4/term/term.go:219.3,220.1 1 0
github.com/romanSPB15/tui-compose/v4/term/term.go:221.2,221.13 1 0
github.com/romanSPB15/tui-compose/v4/term/term.go:227.2,228.16 2 0
github.com/romanSPB15/tui-compose/v4/term/term.go:229.3,230.1 1 0
github.com/romanSPB15/tui-compose/v4/term/term.go:231.2,231.13 1 0
github.com/romanSPB15/tui-compose/v4/term/term.go:237.2,237.22 1 0
github.com/romanSPB15/tui-compose/v4/term/term.go:239.3,239.78 1 0
github.com/romanSPB15/tui-compose/v4/term/term.go:241.3,241.43 1 0
github.com/romanSPB15/tui-compose/v4/term/term.go:243.3,243.47 1 0
